#-----------------------------------------------------------
# Vivado v2023.1 (64-bit)
# SW Build 3865809 on Sun May  7 15:05:29 MDT 2023
# IP Build 3864474 on Sun May  7 20:36:21 MDT 2023
# SharedData Build 3865790 on Sun May 07 13:33:03 MDT 2023
# Start of session at: Mon Dec  4 01:16:12 2023
# Process ID: 11248
# Current directory: C:/Users/kenny/Desktop/hw
# Command line: vivado.exe -gui_launcher_event rodinguilauncherevent28664 C:\Users\kenny\Desktop\hw\hw.xpr
# Log file: C:/Users/kenny/Desktop/hw/vivado.log
# Journal file: C:/Users/kenny/Desktop/hw\vivado.jou
# Running On: DESKTOP-O5QFQV1, OS: Windows, CPU Frequency: 3693 MHz, CPU Physical cores: 12, Host memory: 34279 MB
#-----------------------------------------------------------
start_gui
open_project C:/Users/kenny/Desktop/hw/hw.xpr
WARNING: [Board 49-26] cannot add Board Part xilinx.com:vek280_es:part0:1.0 available at E:/VitisXilinx/Vivado/2023.1/data/xhub/boards/XilinxBoardStore/boards/Xilinx/vek280/es/rev_a/1.0/board.xml as part xcve2802-vsvh1760-2lp-e-s-es1 specified in board_part file is either invalid or not available
WARNING: [Board 49-26] cannot add Board Part xilinx.com:vek280_es:part0:1.1 available at E:/VitisXilinx/Vivado/2023.1/data/xhub/boards/XilinxBoardStore/boards/Xilinx/vek280/es/rev_a/1.1/board.xml as part xcve2802-vsvh1760-2lp-e-s-es1 specified in board_part file is either invalid or not available
WARNING: [Board 49-26] cannot add Board Part xilinx.com:vek280_es_revb:part0:1.0 available at E:/VitisXilinx/Vivado/2023.1/data/xhub/boards/XilinxBoardStore/boards/Xilinx/vek280/es/rev_b/1.0/board.xml as part xcve2802-vsvh1760-2mp-e-s-es1 specified in board_part file is either invalid or not available
WARNING: [Board 49-26] cannot add Board Part xilinx.com:vek280_es_revb:part0:1.1 available at E:/VitisXilinx/Vivado/2023.1/data/xhub/boards/XilinxBoardStore/boards/Xilinx/vek280/es/rev_b/1.1/board.xml as part xcve2802-vsvh1760-2mp-e-s-es1 specified in board_part file is either invalid or not available
WARNING: [Board 49-26] cannot add Board Part xilinx.com:vhk158_es:part0:1.0 available at E:/VitisXilinx/Vivado/2023.1/data/xhub/boards/XilinxBoardStore/boards/Xilinx/vhk158/es/1.0/board.xml as part xcvh1582-vsva3697-2mp-e-s-es1 specified in board_part file is either invalid or not available
WARNING: [Board 49-26] cannot add Board Part xilinx.com:vhk158_es:part0:1.1 available at E:/VitisXilinx/Vivado/2023.1/data/xhub/boards/XilinxBoardStore/boards/Xilinx/vhk158/es/1.1/board.xml as part xcvh1582-vsva3697-2mp-e-s-es1 specified in board_part file is either invalid or not available
WARNING: [Board 49-26] cannot add Board Part xilinx.com:vpk120_es:part0:1.2 available at E:/VitisXilinx/Vivado/2023.1/data/xhub/boards/XilinxBoardStore/boards/Xilinx/vpk120/es/1.2/board.xml as part xcvp1202-vsva2785-2mp-e-s-es1 specified in board_part file is either invalid or not available
WARNING: [Board 49-26] cannot add Board Part xilinx.com:vpk120_es:part0:1.3 available at E:/VitisXilinx/Vivado/2023.1/data/xhub/boards/XilinxBoardStore/boards/Xilinx/vpk120/es/1.3/board.xml as part xcvp1202-vsva2785-2mp-e-s-es1 specified in board_part file is either invalid or not available
WARNING: [Board 49-26] cannot add Board Part xilinx.com:vpk120_es_revb:part0:1.0 available at E:/VitisXilinx/Vivado/2023.1/data/xhub/boards/XilinxBoardStore/boards/Xilinx/vpk120_revb/es/1.0/board.xml as part xcvp1202-vsva2785-2mp-e-s-es1 specified in board_part file is either invalid or not available
WARNING: [Board 49-26] cannot add Board Part xilinx.com:vpk120_es_revb:part0:1.1 available at E:/VitisXilinx/Vivado/2023.1/data/xhub/boards/XilinxBoardStore/boards/Xilinx/vpk120_revb/es/1.1/board.xml as part xcvp1202-vsva2785-2mp-e-s-es1 specified in board_part file is either invalid or not available
WARNING: [Board 49-26] cannot add Board Part xilinx.com:vpk180_es:part0:1.0 available at E:/VitisXilinx/Vivado/2023.1/data/xhub/boards/XilinxBoardStore/boards/Xilinx/vpk180/es/1.0/board.xml as part xcvp1802-lsvc4072-2mp-e-s-es1 specified in board_part file is either invalid or not available
WARNING: [Board 49-26] cannot add Board Part xilinx.com:vpk180_es:part0:1.1 available at E:/VitisXilinx/Vivado/2023.1/data/xhub/boards/XilinxBoardStore/boards/Xilinx/vpk180/es/1.1/board.xml as part xcvp1802-lsvc4072-2mp-e-s-es1 specified in board_part file is either invalid or not available
WARNING: [Board 49-26] cannot add Board Part xilinx.com:zcu208ld:part0:2.0 available at E:/VitisXilinx/Vivado/2023.1/data/xhub/boards/XilinxBoardStore/boards/Xilinx/zcu208ld/production/2.0/board.xml as part xczu58dr-fsvg1517-2-i specified in board_part file is either invalid or not available
WARNING: [Board 49-26] cannot add Board Part xilinx.com:zcu216ld:part0:2.0 available at E:/VitisXilinx/Vivado/2023.1/data/xhub/boards/XilinxBoardStore/boards/Xilinx/zcu216ld/production/2.0/board.xml as part xczu59dr-ffvf1760-2-i specified in board_part file is either invalid or not available
WARNING: [Board 49-26] cannot add Board Part xilinx.com:zcu670:part0:2.0 available at E:/VitisXilinx/Vivado/2023.1/data/xhub/boards/XilinxBoardStore/boards/Xilinx/zcu670/2.0/board.xml as part xczu67dr-fsve1156-2-i specified in board_part file is either invalid or not available
WARNING: [Board 49-26] cannot add Board Part xilinx.com:zcu670ld:part0:1.0 available at E:/VitisXilinx/Vivado/2023.1/data/xhub/boards/XilinxBoardStore/boards/Xilinx/zcu670ld/1.0/board.xml as part xczu57dr-fsve1156-2-i specified in board_part file is either invalid or not available
Scanning sources...
Finished scanning sources
INFO: [IP_Flow 19-234] Refreshing IP repositories
INFO: [IP_Flow 19-1700] Loaded user IP repository 'c:/Users/kenny/Desktop/hw/hw.ipdefs/repo'.
INFO: [IP_Flow 19-2313] Loaded Vivado IP repository 'E:/VitisXilinx/Vivado/2023.1/data/ip'.
WARNING: [BD 41-1661] One or more IPs have been locked in the design 'system.bd'. Please run report_ip_status for more details and recommendations on how to fix this issue.
List of locked IPs:
system_QuantizationDithering_0_0

open_project: Time (s): cpu = 00:00:30 ; elapsed = 00:00:19 . Memory (MB): peak = 2648.277 ; gain = 564.672
update_compile_order -fileset sources_1
open_bd_design {C:/Users/kenny/Desktop/hw/hw.srcs/sources_1/bd/system/system.bd}
Reading block design file <C:/Users/kenny/Desktop/hw/hw.srcs/sources_1/bd/system/system.bd>...
Adding component instance block -- digilentinc.com:user:AXI_BayerToRGB:1.0 - AXI_BayerToRGB_0
Adding component instance block -- digilentinc.com:user:AXI_GammaCorrection:1.0 - AXI_GammaCorrection_1
Adding component instance block -- xilinx.com:module_ref:DVIClocking:1.0 - DVIClocking_1
Adding component instance block -- digilentinc.com:ip:MIPI_CSI_2_RX:1.2 - MIPI_CSI_2_RX_0
Adding component instance block -- digilentinc.com:ip:MIPI_D_PHY_RX:1.3 - MIPI_D_PHY_RX_0
Adding component instance block -- xilinx.com:ip:processing_system7:5.5 - processing_system7_0
Adding component instance block -- digilentinc.com:ip:rgb2dvi:1.4 - rgb2dvi_0
Adding component instance block -- xilinx.com:ip:proc_sys_reset:5.0 - rst_clk_wiz_0_50M
Adding component instance block -- xilinx.com:ip:proc_sys_reset:5.0 - rst_vid_clk_dyn
Adding component instance block -- xilinx.com:ip:xlconcat:2.1 - xlconcat_0
Adding component instance block -- xilinx.com:ip:axi_interconnect:2.1 - axi_mem_intercon
Adding component instance block -- xilinx.com:ip:axi_protocol_converter:2.1 - auto_pc
Adding component instance block -- xilinx.com:ip:axi_interconnect:2.1 - axi_mem_intercon_1
Adding component instance block -- xilinx.com:ip:axi_protocol_converter:2.1 - auto_pc
Adding component instance block -- xilinx.com:ip:axi_vdma:6.3 - axi_vdma_0
Adding component instance block -- xilinx.com:ip:clk_wiz:6.0 - clk_wiz_0
Adding component instance block -- xilinx.com:ip:axi_interconnect:2.1 - ps7_0_axi_periph
Adding component instance block -- xilinx.com:ip:axi_crossbar:2.1 - xbar
Adding component instance block -- xilinx.com:ip:axi_protocol_converter:2.1 - auto_pc
Adding component instance block -- xilinx.com:ip:v_axi4s_vid_out:4.0 - v_axi4s_vid_out_0
Adding component instance block -- xilinx.com:ip:clk_wiz:6.0 - video_dynclk
Adding component instance block -- xilinx.com:ip:v_tc:6.2 - vtg
Adding component instance block -- xilinx.com:ip:axis_switch:1.1 - axis_switch_0
Adding component instance block -- xilinx.com:ip:axis_switch:1.1 - axis_switch_1
Adding component instance block -- xilinx.com:ip:axi_gpio:2.0 - switches
Adding component instance block -- xilinx.com:hls:QuantizationDithering:1.0 - QuantizationDithering_0
Successfully read diagram <system> from block design file <C:/Users/kenny/Desktop/hw/hw.srcs/sources_1/bd/system/system.bd>
open_bd_design: Time (s): cpu = 00:00:10 ; elapsed = 00:00:07 . Memory (MB): peak = 2887.863 ; gain = 206.867
report_ip_status -name ip_status 
upgrade_ip -vlnv xilinx.com:hls:QuantizationDithering:1.0 [get_ips  system_QuantizationDithering_0_0] -log ip_upgrade.log
Upgrading 'C:/Users/kenny/Desktop/hw/hw.srcs/sources_1/bd/system/system.bd'
INFO: [IP_Flow 19-3422] Upgraded system_QuantizationDithering_0_0 (Quantizationdithering 1.0) from revision 2113323293 to revision 2113323312
WARNING: [IP_Flow 19-11784] File 'c:/Users/kenny/Desktop/hw/hw.gen/sources_1/bd/system/ipshared/8291/hdl/vhdl/QuantizationDithering_xf_QuatizationDithering_16_16_720_1280_256_256_1_2_2_s_offset_buffer_RAM_AUTObkb.vhd' is not registered in generated file cache.
WARNING: [IP_Flow 19-11784] File 'c:/Users/kenny/Desktop/hw/hw.gen/sources_1/bd/system/ipshared/8291/hdl/vhdl/QuantizationDithering_xf_QuatizationDithering_Pipeline_LOOP_ROW_LOOP_COL.vhd' is not registered in generated file cache.
Wrote  : <C:\Users\kenny\Desktop\hw\hw.srcs\sources_1\bd\system\system.bd> 
INFO: [Coretcl 2-1525] Wrote upgrade log to 'C:/Users/kenny/Desktop/hw/ip_upgrade.log'.
export_ip_user_files -of_objects [get_ips system_QuantizationDithering_0_0] -no_script -sync -force -quiet
generate_target all [get_files  C:/Users/kenny/Desktop/hw/hw.srcs/sources_1/bd/system/system.bd]
INFO: [xilinx.com:ip:clk_wiz:6.0-1] /video_dynclk clk_wiz propagate
INFO: [xilinx.com:ip:clk_wiz:6.0-1] /video_dynclk clk_wiz propagate
INFO: [xilinx.com:ip:clk_wiz:6.0-1] /clk_wiz_0 clk_wiz propagate
INFO: [xilinx.com:ip:clk_wiz:6.0-1] /clk_wiz_0 clk_wiz propagate
INFO: [digilentinc.com:ip:MIPI_D_PHY_RX:1.3-17] /MIPI_D_PHY_RX_0FREQ_HZ of 50000000 propagated into CONFIG.C_S_AXI_LITE_FREQ_HZ
INFO: [digilentinc.com:ip:MIPI_D_PHY_RX:1.3-17] /MIPI_D_PHY_RX_0FREQ_HZ of 200000000 propagated into CONFIG.kRefClkFreqHz
INFO: [digilentinc.com:ip:MIPI_D_PHY_RX:1.3-17] /MIPI_D_PHY_RX_0FREQ_HZ of 84000000 propagated onto RxByteClkHS
INFO: [digilentinc.com:ip:MIPI_CSI_2_RX:1.2-17] /MIPI_CSI_2_RX_0Verified that video_aclk frequency can handle RxByteClkHS frequency. AXI-Stream bandwidth 600000000 Pix/s >= PPI bandwidth 134400000.0 Pix/s
Wrote  : <C:\Users\kenny\Desktop\hw\hw.srcs\sources_1\bd\system\system.bd> 
VHDL Output written to : c:/Users/kenny/Desktop/hw/hw.gen/sources_1/bd/system/synth/system.vhd
VHDL Output written to : c:/Users/kenny/Desktop/hw/hw.gen/sources_1/bd/system/sim/system.vhd
VHDL Output written to : c:/Users/kenny/Desktop/hw/hw.gen/sources_1/bd/system/hdl/system_wrapper.vhd
INFO: [BD 41-1029] Generation completed for the IP Integrator block QuantizationDithering_0 .
WARNING: [IP_Flow 19-4994] Overwriting existing constraint file 'c:/Users/kenny/Desktop/hw/hw.gen/sources_1/bd/system/ip/system_auto_pc_0/system_auto_pc_0_ooc.xdc'
INFO: [BD 41-1029] Generation completed for the IP Integrator block axi_mem_intercon/s00_couplers/auto_pc .
WARNING: [IP_Flow 19-4994] Overwriting existing constraint file 'c:/Users/kenny/Desktop/hw/hw.gen/sources_1/bd/system/ip/system_auto_pc_1/system_auto_pc_1_ooc.xdc'
INFO: [BD 41-1029] Generation completed for the IP Integrator block axi_mem_intercon_1/s00_couplers/auto_pc .
WARNING: [IP_Flow 19-4994] Overwriting existing constraint file 'c:/Users/kenny/Desktop/hw/hw.gen/sources_1/bd/system/ip/system_auto_pc_2/system_auto_pc_2_ooc.xdc'
INFO: [BD 41-1029] Generation completed for the IP Integrator block ps7_0_axi_periph/s00_couplers/auto_pc .
Exporting to file c:/Users/kenny/Desktop/hw/hw.gen/sources_1/bd/system/hw_handoff/system.hwh
Generated Hardware Definition File c:/Users/kenny/Desktop/hw/hw.gen/sources_1/bd/system/synth/system.hwdef
generate_target: Time (s): cpu = 00:00:44 ; elapsed = 00:01:07 . Memory (MB): peak = 3157.141 ; gain = 229.719
catch { config_ip_cache -export [get_ips -all system_QuantizationDithering_0_0] }
INFO: [IP_Flow 19-6924] IPCACHE: Running cache check for IP inst: system_QuantizationDithering_0_0
catch { config_ip_cache -export [get_ips -all system_auto_pc_0] }
INFO: [IP_Flow 19-6924] IPCACHE: Running cache check for IP inst: system_auto_pc_0
INFO: [IP_Flow 19-6922] IPCACHE: Exporting cached entry 7d89537cc73021c7 to dir: c:/Users/kenny/Desktop/hw/hw.gen/sources_1/bd/system/ip/system_auto_pc_0
INFO: [IP_Flow 19-6928] IPCACHE: copied cached file c:/Users/kenny/Desktop/hw/hw.cache/ip/2023.1/7/d/7d89537cc73021c7/system_auto_pc_0.dcp to c:/Users/kenny/Desktop/hw/hw.gen/sources_1/bd/system/ip/system_auto_pc_0/system_auto_pc_0.dcp.
INFO: [IP_Flow 19-6926] IPCACHE: added file to list for BOM: c:/Users/kenny/Desktop/hw/hw.gen/sources_1/bd/system/ip/system_auto_pc_0/system_auto_pc_0.dcp
INFO: [IP_Flow 19-6928] IPCACHE: copied cached file c:/Users/kenny/Desktop/hw/hw.cache/ip/2023.1/7/d/7d89537cc73021c7/system_auto_pc_0_sim_netlist.v to c:/Users/kenny/Desktop/hw/hw.gen/sources_1/bd/system/ip/system_auto_pc_0/system_auto_pc_0_sim_netlist.v.
INFO: [IP_Flow 19-6926] IPCACHE: added file to list for BOM: c:/Users/kenny/Desktop/hw/hw.gen/sources_1/bd/system/ip/system_auto_pc_0/system_auto_pc_0_sim_netlist.v
INFO: [IP_Flow 19-6928] IPCACHE: copied cached file c:/Users/kenny/Desktop/hw/hw.cache/ip/2023.1/7/d/7d89537cc73021c7/system_auto_pc_0_sim_netlist.vhdl to c:/Users/kenny/Desktop/hw/hw.gen/sources_1/bd/system/ip/system_auto_pc_0/system_auto_pc_0_sim_netlist.vhdl.
INFO: [IP_Flow 19-6926] IPCACHE: added file to list for BOM: c:/Users/kenny/Desktop/hw/hw.gen/sources_1/bd/system/ip/system_auto_pc_0/system_auto_pc_0_sim_netlist.vhdl
INFO: [IP_Flow 19-6928] IPCACHE: copied cached file c:/Users/kenny/Desktop/hw/hw.cache/ip/2023.1/7/d/7d89537cc73021c7/system_auto_pc_0_stub.v to c:/Users/kenny/Desktop/hw/hw.gen/sources_1/bd/system/ip/system_auto_pc_0/system_auto_pc_0_stub.v.
INFO: [IP_Flow 19-6926] IPCACHE: added file to list for BOM: c:/Users/kenny/Desktop/hw/hw.gen/sources_1/bd/system/ip/system_auto_pc_0/system_auto_pc_0_stub.v
INFO: [IP_Flow 19-6928] IPCACHE: copied cached file c:/Users/kenny/Desktop/hw/hw.cache/ip/2023.1/7/d/7d89537cc73021c7/system_auto_pc_0_stub.vhdl to c:/Users/kenny/Desktop/hw/hw.gen/sources_1/bd/system/ip/system_auto_pc_0/system_auto_pc_0_stub.vhdl.
INFO: [IP_Flow 19-6926] IPCACHE: added file to list for BOM: c:/Users/kenny/Desktop/hw/hw.gen/sources_1/bd/system/ip/system_auto_pc_0/system_auto_pc_0_stub.vhdl
INFO: [IP_Flow 19-4993] Using cached IP synthesis design for IP system_auto_pc_0, cache-ID = 7d89537cc73021c7; cache size = 129.370 MB.
catch { config_ip_cache -export [get_ips -all system_auto_pc_1] }
INFO: [IP_Flow 19-6924] IPCACHE: Running cache check for IP inst: system_auto_pc_1
INFO: [IP_Flow 19-6922] IPCACHE: Exporting cached entry b8d49818df338b0e to dir: c:/Users/kenny/Desktop/hw/hw.gen/sources_1/bd/system/ip/system_auto_pc_1
INFO: [IP_Flow 19-6928] IPCACHE: copied cached file c:/Users/kenny/Desktop/hw/hw.cache/ip/2023.1/b/8/b8d49818df338b0e/system_auto_pc_1.dcp to c:/Users/kenny/Desktop/hw/hw.gen/sources_1/bd/system/ip/system_auto_pc_1/system_auto_pc_1.dcp.
INFO: [IP_Flow 19-6926] IPCACHE: added file to list for BOM: c:/Users/kenny/Desktop/hw/hw.gen/sources_1/bd/system/ip/system_auto_pc_1/system_auto_pc_1.dcp
INFO: [IP_Flow 19-6928] IPCACHE: copied cached file c:/Users/kenny/Desktop/hw/hw.cache/ip/2023.1/b/8/b8d49818df338b0e/system_auto_pc_1_sim_netlist.v to c:/Users/kenny/Desktop/hw/hw.gen/sources_1/bd/system/ip/system_auto_pc_1/system_auto_pc_1_sim_netlist.v.
INFO: [IP_Flow 19-6926] IPCACHE: added file to list for BOM: c:/Users/kenny/Desktop/hw/hw.gen/sources_1/bd/system/ip/system_auto_pc_1/system_auto_pc_1_sim_netlist.v
INFO: [IP_Flow 19-6928] IPCACHE: copied cached file c:/Users/kenny/Desktop/hw/hw.cache/ip/2023.1/b/8/b8d49818df338b0e/system_auto_pc_1_sim_netlist.vhdl to c:/Users/kenny/Desktop/hw/hw.gen/sources_1/bd/system/ip/system_auto_pc_1/system_auto_pc_1_sim_netlist.vhdl.
INFO: [IP_Flow 19-6926] IPCACHE: added file to list for BOM: c:/Users/kenny/Desktop/hw/hw.gen/sources_1/bd/system/ip/system_auto_pc_1/system_auto_pc_1_sim_netlist.vhdl
INFO: [IP_Flow 19-6928] IPCACHE: copied cached file c:/Users/kenny/Desktop/hw/hw.cache/ip/2023.1/b/8/b8d49818df338b0e/system_auto_pc_1_stub.v to c:/Users/kenny/Desktop/hw/hw.gen/sources_1/bd/system/ip/system_auto_pc_1/system_auto_pc_1_stub.v.
INFO: [IP_Flow 19-6926] IPCACHE: added file to list for BOM: c:/Users/kenny/Desktop/hw/hw.gen/sources_1/bd/system/ip/system_auto_pc_1/system_auto_pc_1_stub.v
INFO: [IP_Flow 19-6928] IPCACHE: copied cached file c:/Users/kenny/Desktop/hw/hw.cache/ip/2023.1/b/8/b8d49818df338b0e/system_auto_pc_1_stub.vhdl to c:/Users/kenny/Desktop/hw/hw.gen/sources_1/bd/system/ip/system_auto_pc_1/system_auto_pc_1_stub.vhdl.
INFO: [IP_Flow 19-6926] IPCACHE: added file to list for BOM: c:/Users/kenny/Desktop/hw/hw.gen/sources_1/bd/system/ip/system_auto_pc_1/system_auto_pc_1_stub.vhdl
INFO: [IP_Flow 19-4993] Using cached IP synthesis design for IP system_auto_pc_1, cache-ID = b8d49818df338b0e; cache size = 129.370 MB.
catch { config_ip_cache -export [get_ips -all system_auto_pc_2] }
INFO: [IP_Flow 19-6924] IPCACHE: Running cache check for IP inst: system_auto_pc_2
INFO: [IP_Flow 19-6922] IPCACHE: Exporting cached entry 687f8ec57b3f8df9 to dir: c:/Users/kenny/Desktop/hw/hw.gen/sources_1/bd/system/ip/system_auto_pc_2
INFO: [IP_Flow 19-6928] IPCACHE: copied cached file c:/Users/kenny/Desktop/hw/hw.cache/ip/2023.1/6/8/687f8ec57b3f8df9/system_auto_pc_2.dcp to c:/Users/kenny/Desktop/hw/hw.gen/sources_1/bd/system/ip/system_auto_pc_2/system_auto_pc_2.dcp.
INFO: [IP_Flow 19-6926] IPCACHE: added file to list for BOM: c:/Users/kenny/Desktop/hw/hw.gen/sources_1/bd/system/ip/system_auto_pc_2/system_auto_pc_2.dcp
INFO: [IP_Flow 19-6928] IPCACHE: copied cached file c:/Users/kenny/Desktop/hw/hw.cache/ip/2023.1/6/8/687f8ec57b3f8df9/system_auto_pc_2_sim_netlist.v to c:/Users/kenny/Desktop/hw/hw.gen/sources_1/bd/system/ip/system_auto_pc_2/system_auto_pc_2_sim_netlist.v.
INFO: [IP_Flow 19-6926] IPCACHE: added file to list for BOM: c:/Users/kenny/Desktop/hw/hw.gen/sources_1/bd/system/ip/system_auto_pc_2/system_auto_pc_2_sim_netlist.v
INFO: [IP_Flow 19-6928] IPCACHE: copied cached file c:/Users/kenny/Desktop/hw/hw.cache/ip/2023.1/6/8/687f8ec57b3f8df9/system_auto_pc_2_sim_netlist.vhdl to c:/Users/kenny/Desktop/hw/hw.gen/sources_1/bd/system/ip/system_auto_pc_2/system_auto_pc_2_sim_netlist.vhdl.
INFO: [IP_Flow 19-6926] IPCACHE: added file to list for BOM: c:/Users/kenny/Desktop/hw/hw.gen/sources_1/bd/system/ip/system_auto_pc_2/system_auto_pc_2_sim_netlist.vhdl
INFO: [IP_Flow 19-6928] IPCACHE: copied cached file c:/Users/kenny/Desktop/hw/hw.cache/ip/2023.1/6/8/687f8ec57b3f8df9/system_auto_pc_2_stub.v to c:/Users/kenny/Desktop/hw/hw.gen/sources_1/bd/system/ip/system_auto_pc_2/system_auto_pc_2_stub.v.
INFO: [IP_Flow 19-6926] IPCACHE: added file to list for BOM: c:/Users/kenny/Desktop/hw/hw.gen/sources_1/bd/system/ip/system_auto_pc_2/system_auto_pc_2_stub.v
INFO: [IP_Flow 19-6928] IPCACHE: copied cached file c:/Users/kenny/Desktop/hw/hw.cache/ip/2023.1/6/8/687f8ec57b3f8df9/system_auto_pc_2_stub.vhdl to c:/Users/kenny/Desktop/hw/hw.gen/sources_1/bd/system/ip/system_auto_pc_2/system_auto_pc_2_stub.vhdl.
INFO: [IP_Flow 19-6926] IPCACHE: added file to list for BOM: c:/Users/kenny/Desktop/hw/hw.gen/sources_1/bd/system/ip/system_auto_pc_2/system_auto_pc_2_stub.vhdl
INFO: [IP_Flow 19-4993] Using cached IP synthesis design for IP system_auto_pc_2, cache-ID = 687f8ec57b3f8df9; cache size = 129.370 MB.
export_ip_user_files -of_objects [get_files C:/Users/kenny/Desktop/hw/hw.srcs/sources_1/bd/system/system.bd] -no_script -sync -force -quiet
create_ip_run [get_files -of_objects [get_fileset sources_1] C:/Users/kenny/Desktop/hw/hw.srcs/sources_1/bd/system/system.bd]
launch_runs system_QuantizationDithering_0_0_synth_1 -jobs 8
INFO: [IP_Flow 19-6924] IPCACHE: Running cache check for IP inst: system_QuantizationDithering_0_0
[Mon Dec  4 01:19:44 2023] Launched system_QuantizationDithering_0_0_synth_1...
Run output will be captured here: C:/Users/kenny/Desktop/hw/hw.runs/system_QuantizationDithering_0_0_synth_1/runme.log
export_simulation -of_objects [get_files C:/Users/kenny/Desktop/hw/hw.srcs/sources_1/bd/system/system.bd] -directory C:/Users/kenny/Desktop/hw/hw.ip_user_files/sim_scripts -ip_user_files_dir C:/Users/kenny/Desktop/hw/hw.ip_user_files -ipstatic_source_dir C:/Users/kenny/Desktop/hw/hw.ip_user_files/ipstatic -lib_map_path [list {modelsim=C:/Users/kenny/Desktop/hw/hw.cache/compile_simlib/modelsim} {questa=C:/Users/kenny/Desktop/hw/hw.cache/compile_simlib/questa} {riviera=C:/Users/kenny/Desktop/hw/hw.cache/compile_simlib/riviera} {activehdl=C:/Users/kenny/Desktop/hw/hw.cache/compile_simlib/activehdl}] -use_ip_compiled_libs -force -quiet
reset_run synth_1
INFO: [Project 1-1161] Replacing file C:/Users/kenny/proj/hw.srcs/utils_1/imports/synth_1/system_wrapper.dcp with file C:/Users/kenny/Desktop/hw/hw.runs/synth_1/system_wrapper.dcp
WARNING: [Vivado 12-1017] Problems encountered:
1. Failed to delete one or more files in run directory C:/Users/kenny/Desktop/hw/hw.runs/synth_1

launch_runs impl_1 -to_step write_bitstream -jobs 8
INFO: [IP_Flow 19-6924] IPCACHE: Running cache check for IP inst: system_QuantizationDithering_0_0
[Mon Dec  4 01:20:43 2023] Launched system_QuantizationDithering_0_0_synth_1, synth_1...
Run output will be captured here:
system_QuantizationDithering_0_0_synth_1: C:/Users/kenny/Desktop/hw/hw.runs/system_QuantizationDithering_0_0_synth_1/runme.log
synth_1: C:/Users/kenny/Desktop/hw/hw.runs/synth_1/runme.log
[Mon Dec  4 01:20:43 2023] Launched impl_1...
Run output will be captured here: C:/Users/kenny/Desktop/hw/hw.runs/impl_1/runme.log
write_hw_platform -fixed -include_bit -force -file C:/Users/kenny/Desktop/hw/system_wrapper.xsa
INFO: [Project 1-1918] Creating Hardware Platform: C:/Users/kenny/Desktop/hw/system_wrapper.xsa ...
WARNING: [Project 1-645] Board images not set in Hardware Platform.
INFO: [Project 1-1943] The Hardware Platform can be used for Hardware
INFO: [Project 1-1941] Successfully created Hardware Platform: C:/Users/kenny/Desktop/hw/system_wrapper.xsa
INFO: [Hsi 55-2053] elapsed time for repository (E:/VitisXilinx/Vivado/2023.1/data/embeddedsw) loading 0 seconds
exit
INFO: [Common 17-206] Exiting Vivado at Mon Dec  4 01:37:18 2023...
