#-----------------------------------------------------------
# Vivado v2023.1 (64-bit)
# SW Build 3865809 on Sun May  7 15:05:29 MDT 2023
# IP Build 3864474 on Sun May  7 20:36:21 MDT 2023
# SharedData Build 3865790 on Sun May 07 13:33:03 MDT 2023
# Start of session at: Mon Dec  4 01:38:33 2023
# Process ID: 18804
# Current directory: C:/Users/kenny/Desktop/hw
# Command line: vivado.exe -gui_launcher_event rodinguilauncherevent14800 C:\Users\kenny\Desktop\hw\hw.xpr
# Log file: C:/Users/kenny/Desktop/hw/vivado.log
# Journal file: C:/Users/kenny/Desktop/hw\vivado.jou
# Running On: DESKTOP-O5QFQV1, OS: Windows, CPU Frequency: 3693 MHz, CPU Physical cores: 12, Host memory: 34279 MB
#-----------------------------------------------------------
start_gui
open_project C:/Users/kenny/Desktop/hw/hw.xpr
WARNING: [Board 49-26] cannot add Board Part xilinx.com:vek280_es:part0:1.0 available at E:/VitisXilinx/Vivado/2023.1/data/xhub/boards/XilinxBoardStore/boards/Xilinx/vek280/es/rev_a/1.0/board.xml as part xcve2802-vsvh1760-2lp-e-s-es1 specified in board_part file is either invalid or not available
WARNING: [Board 49-26] cannot add Board Part xilinx.com:vek280_es:part0:1.1 available at E:/VitisXilinx/Vivado/2023.1/data/xhub/boards/XilinxBoardStore/boards/Xilinx/vek280/es/rev_a/1.1/board.xml as part xcve2802-vsvh1760-2lp-e-s-es1 specified in board_part file is either invalid or not available
WARNING: [Board 49-26] cannot add Board Part xilinx.com:vek280_es_revb:part0:1.0 available at E:/VitisXilinx/Vivado/2023.1/data/xhub/boards/XilinxBoardStore/boards/Xilinx/vek280/es/rev_b/1.0/board.xml as part xcve2802-vsvh1760-2mp-e-s-es1 specified in board_part file is either invalid or not available
WARNING: [Board 49-26] cannot add Board Part xilinx.com:vek280_es_revb:part0:1.1 available at E:/VitisXilinx/Vivado/2023.1/data/xhub/boards/XilinxBoardStore/boards/Xilinx/vek280/es/rev_b/1.1/board.xml as part xcve2802-vsvh1760-2mp-e-s-es1 specified in board_part file is either invalid or not available
WARNING: [Board 49-26] cannot add Board Part xilinx.com:vhk158_es:part0:1.0 available at E:/VitisXilinx/Vivado/2023.1/data/xhub/boards/XilinxBoardStore/boards/Xilinx/vhk158/es/1.0/board.xml as part xcvh1582-vsva3697-2mp-e-s-es1 specified in board_part file is either invalid or not available
WARNING: [Board 49-26] cannot add Board Part xilinx.com:vhk158_es:part0:1.1 available at E:/VitisXilinx/Vivado/2023.1/data/xhub/boards/XilinxBoardStore/boards/Xilinx/vhk158/es/1.1/board.xml as part xcvh1582-vsva3697-2mp-e-s-es1 specified in board_part file is either invalid or not available
WARNING: [Board 49-26] cannot add Board Part xilinx.com:vpk120_es:part0:1.2 available at E:/VitisXilinx/Vivado/2023.1/data/xhub/boards/XilinxBoardStore/boards/Xilinx/vpk120/es/1.2/board.xml as part xcvp1202-vsva2785-2mp-e-s-es1 specified in board_part file is either invalid or not available
WARNING: [Board 49-26] cannot add Board Part xilinx.com:vpk120_es:part0:1.3 available at E:/VitisXilinx/Vivado/2023.1/data/xhub/boards/XilinxBoardStore/boards/Xilinx/vpk120/es/1.3/board.xml as part xcvp1202-vsva2785-2mp-e-s-es1 specified in board_part file is either invalid or not available
WARNING: [Board 49-26] cannot add Board Part xilinx.com:vpk120_es_revb:part0:1.0 available at E:/VitisXilinx/Vivado/2023.1/data/xhub/boards/XilinxBoardStore/boards/Xilinx/vpk120_revb/es/1.0/board.xml as part xcvp1202-vsva2785-2mp-e-s-es1 specified in board_part file is either invalid or not available
WARNING: [Board 49-26] cannot add Board Part xilinx.com:vpk120_es_revb:part0:1.1 available at E:/VitisXilinx/Vivado/2023.1/data/xhub/boards/XilinxBoardStore/boards/Xilinx/vpk120_revb/es/1.1/board.xml as part xcvp1202-vsva2785-2mp-e-s-es1 specified in board_part file is either invalid or not available
WARNING: [Board 49-26] cannot add Board Part xilinx.com:vpk180_es:part0:1.0 available at E:/VitisXilinx/Vivado/2023.1/data/xhub/boards/XilinxBoardStore/boards/Xilinx/vpk180/es/1.0/board.xml as part xcvp1802-lsvc4072-2mp-e-s-es1 specified in board_part file is either invalid or not available
WARNING: [Board 49-26] cannot add Board Part xilinx.com:vpk180_es:part0:1.1 available at E:/VitisXilinx/Vivado/2023.1/data/xhub/boards/XilinxBoardStore/boards/Xilinx/vpk180/es/1.1/board.xml as part xcvp1802-lsvc4072-2mp-e-s-es1 specified in board_part file is either invalid or not available
WARNING: [Board 49-26] cannot add Board Part xilinx.com:zcu208ld:part0:2.0 available at E:/VitisXilinx/Vivado/2023.1/data/xhub/boards/XilinxBoardStore/boards/Xilinx/zcu208ld/production/2.0/board.xml as part xczu58dr-fsvg1517-2-i specified in board_part file is either invalid or not available
WARNING: [Board 49-26] cannot add Board Part xilinx.com:zcu216ld:part0:2.0 available at E:/VitisXilinx/Vivado/2023.1/data/xhub/boards/XilinxBoardStore/boards/Xilinx/zcu216ld/production/2.0/board.xml as part xczu59dr-ffvf1760-2-i specified in board_part file is either invalid or not available
WARNING: [Board 49-26] cannot add Board Part xilinx.com:zcu670:part0:2.0 available at E:/VitisXilinx/Vivado/2023.1/data/xhub/boards/XilinxBoardStore/boards/Xilinx/zcu670/2.0/board.xml as part xczu67dr-fsve1156-2-i specified in board_part file is either invalid or not available
WARNING: [Board 49-26] cannot add Board Part xilinx.com:zcu670ld:part0:1.0 available at E:/VitisXilinx/Vivado/2023.1/data/xhub/boards/XilinxBoardStore/boards/Xilinx/zcu670ld/1.0/board.xml as part xczu57dr-fsve1156-2-i specified in board_part file is either invalid or not available
Scanning sources...
Finished scanning sources
INFO: [IP_Flow 19-234] Refreshing IP repositories
INFO: [IP_Flow 19-1700] Loaded user IP repository 'c:/Users/kenny/Desktop/hw/hw.ipdefs/repo'.
INFO: [IP_Flow 19-2313] Loaded Vivado IP repository 'E:/VitisXilinx/Vivado/2023.1/data/ip'.
open_project: Time (s): cpu = 00:00:30 ; elapsed = 00:00:19 . Memory (MB): peak = 2642.758 ; gain = 550.176
update_compile_order -fileset sources_1
update_ip_catalog -rebuild
INFO: [IP_Flow 19-234] Refreshing IP repositories
INFO: [IP_Flow 19-1700] Loaded user IP repository 'c:/Users/kenny/Desktop/hw/hw.ipdefs/repo'.
open_bd_design {C:/Users/kenny/Desktop/hw/hw.srcs/sources_1/bd/system/system.bd}
Reading block design file <C:/Users/kenny/Desktop/hw/hw.srcs/sources_1/bd/system/system.bd>...
Adding component instance block -- digilentinc.com:user:AXI_BayerToRGB:1.0 - AXI_BayerToRGB_0
Adding component instance block -- digilentinc.com:user:AXI_GammaCorrection:1.0 - AXI_GammaCorrection_1
Adding component instance block -- xilinx.com:module_ref:DVIClocking:1.0 - DVIClocking_1
Adding component instance block -- digilentinc.com:ip:MIPI_CSI_2_RX:1.2 - MIPI_CSI_2_RX_0
Adding component instance block -- digilentinc.com:ip:MIPI_D_PHY_RX:1.3 - MIPI_D_PHY_RX_0
Adding component instance block -- xilinx.com:ip:processing_system7:5.5 - processing_system7_0
Adding component instance block -- digilentinc.com:ip:rgb2dvi:1.4 - rgb2dvi_0
Adding component instance block -- xilinx.com:ip:proc_sys_reset:5.0 - rst_clk_wiz_0_50M
Adding component instance block -- xilinx.com:ip:proc_sys_reset:5.0 - rst_vid_clk_dyn
Adding component instance block -- xilinx.com:ip:xlconcat:2.1 - xlconcat_0
Adding component instance block -- xilinx.com:ip:axi_interconnect:2.1 - axi_mem_intercon
Adding component instance block -- xilinx.com:ip:axi_protocol_converter:2.1 - auto_pc
Adding component instance block -- xilinx.com:ip:axi_interconnect:2.1 - axi_mem_intercon_1
Adding component instance block -- xilinx.com:ip:axi_protocol_converter:2.1 - auto_pc
Adding component instance block -- xilinx.com:ip:axi_vdma:6.3 - axi_vdma_0
Adding component instance block -- xilinx.com:ip:clk_wiz:6.0 - clk_wiz_0
Adding component instance block -- xilinx.com:ip:axi_interconnect:2.1 - ps7_0_axi_periph
Adding component instance block -- xilinx.com:ip:axi_crossbar:2.1 - xbar
Adding component instance block -- xilinx.com:ip:axi_protocol_converter:2.1 - auto_pc
Adding component instance block -- xilinx.com:ip:v_axi4s_vid_out:4.0 - v_axi4s_vid_out_0
Adding component instance block -- xilinx.com:ip:clk_wiz:6.0 - video_dynclk
Adding component instance block -- xilinx.com:ip:v_tc:6.2 - vtg
Adding component instance block -- xilinx.com:ip:axis_switch:1.1 - axis_switch_0
Adding component instance block -- xilinx.com:ip:axis_switch:1.1 - axis_switch_1
Adding component instance block -- xilinx.com:ip:axi_gpio:2.0 - switches
Adding component instance block -- xilinx.com:hls:QuantizationDithering:1.0 - QuantizationDithering_0
Successfully read diagram <system> from block design file <C:/Users/kenny/Desktop/hw/hw.srcs/sources_1/bd/system/system.bd>
open_bd_design: Time (s): cpu = 00:00:09 ; elapsed = 00:00:08 . Memory (MB): peak = 2819.504 ; gain = 0.000
delete_bd_objs [get_bd_intf_nets axis_switch_0_M01_AXIS] [get_bd_intf_nets QuantizationDithering_0_stream_out] [get_bd_cells QuantizationDithering_0]
startgroup
create_bd_cell -type ip -vlnv xilinx.com:hls:ModeFilter:1.0 ModeFilter_0
endgroup
set_property location {10 3897 1218} [get_bd_cells ModeFilter_0]
connect_bd_intf_net [get_bd_intf_pins axis_switch_0/M01_AXIS] [get_bd_intf_pins ModeFilter_0/stream_in]
connect_bd_intf_net [get_bd_intf_pins ModeFilter_0/stream_out] [get_bd_intf_pins axis_switch_1/S01_AXIS]
connect_bd_net [get_bd_pins ModeFilter_0/ap_clk] [get_bd_pins clk_wiz_0/clk_out2]
connect_bd_net [get_bd_pins ModeFilter_0/ap_rst_n] [get_bd_pins rst_clk_wiz_0_50M/peripheral_aresetn]
save_bd_design
WARNING: [IP_Flow 19-11784] File 'c:/Users/kenny/Desktop/hw/hw.gen/sources_1/bd/system/ipshared/5602/hdl/vhdl/QuantizationDithering_xf_QuatizationDithering_16_16_720_1280_2_256_1_2_2_s_offset_buffer_RAM_AUTO_1bkb.vhd' is not registered in generated file cache.
WARNING: [IP_Flow 19-11784] File 'c:/Users/kenny/Desktop/hw/hw.gen/sources_1/bd/system/ipshared/5602/hdl/vhdl/QuantizationDithering_xf_QuatizationDithering_Pipeline_LOOP_ROW_LOOP_COL.vhd' is not registered in generated file cache.
Wrote  : <C:\Users\kenny\Desktop\hw\hw.srcs\sources_1\bd\system\system.bd> 
Wrote  : <C:/Users/kenny/Desktop/hw/hw.srcs/sources_1/bd/system/ui/bd_c954508f.ui> 
reset_run synth_1
INFO: [Project 1-1161] Replacing file C:/Users/kenny/proj/hw.srcs/utils_1/imports/synth_1/system_wrapper.dcp with file C:/Users/kenny/Desktop/hw/hw.runs/synth_1/system_wrapper.dcp
launch_runs impl_1 -to_step write_bitstream -jobs 8
INFO: [digilentinc.com:ip:MIPI_D_PHY_RX:1.3-17] /MIPI_D_PHY_RX_0FREQ_HZ of 50000000 propagated into CONFIG.C_S_AXI_LITE_FREQ_HZ
INFO: [digilentinc.com:ip:MIPI_D_PHY_RX:1.3-17] /MIPI_D_PHY_RX_0FREQ_HZ of 200000000 propagated into CONFIG.kRefClkFreqHz
INFO: [digilentinc.com:ip:MIPI_D_PHY_RX:1.3-17] /MIPI_D_PHY_RX_0FREQ_HZ of 84000000 propagated onto RxByteClkHS
INFO: [xilinx.com:ip:clk_wiz:6.0-1] /clk_wiz_0 clk_wiz propagate
INFO: [xilinx.com:ip:clk_wiz:6.0-1] /clk_wiz_0 clk_wiz propagate
INFO: [digilentinc.com:ip:MIPI_CSI_2_RX:1.2-17] /MIPI_CSI_2_RX_0Verified that video_aclk frequency can handle RxByteClkHS frequency. AXI-Stream bandwidth 600000000 Pix/s >= PPI bandwidth 134400000.0 Pix/s
INFO: [xilinx.com:ip:clk_wiz:6.0-1] /video_dynclk clk_wiz propagate
INFO: [xilinx.com:ip:clk_wiz:6.0-1] /video_dynclk clk_wiz propagate
Wrote  : <C:\Users\kenny\Desktop\hw\hw.srcs\sources_1\bd\system\system.bd> 
VHDL Output written to : c:/Users/kenny/Desktop/hw/hw.gen/sources_1/bd/system/synth/system.vhd
VHDL Output written to : c:/Users/kenny/Desktop/hw/hw.gen/sources_1/bd/system/sim/system.vhd
VHDL Output written to : c:/Users/kenny/Desktop/hw/hw.gen/sources_1/bd/system/hdl/system_wrapper.vhd
CRITICAL WARNING: [IP_Flow 19-663] Failed to copy file 'c:/Users/kenny/Desktop/hw/hw.ipdefs/repo/local/ip/ModeFilter/hdl/vhdl/ModeFilter_modefilter_5_1_16_720_1280_1_2_2_s.vhd', it does not exist.
CRITICAL WARNING: [IP_Flow 19-157] Failed to copy file from 'c:/Users/kenny/Desktop/hw/hw.ipdefs/repo/local/ip/ModeFilter/hdl/vhdl/ModeFilter_modefilter_5_1_16_720_1280_1_2_2_s.vhd' to 'c:/Users/kenny/Desktop/hw/hw.gen/sources_1/bd/system/ipshared/7fb8/hdl/vhdl/ModeFilter_modefilter_5_1_16_720_1280_1_2_2_s.vhd'.
CRITICAL WARNING: [IP_Flow 19-663] Failed to copy file 'c:/Users/kenny/Desktop/hw/hw.ipdefs/repo/local/ip/ModeFilter/hdl/vhdl/ModeFilter_mux_5_3_3_1_1.vhd', it does not exist.
CRITICAL WARNING: [IP_Flow 19-157] Failed to copy file from 'c:/Users/kenny/Desktop/hw/hw.ipdefs/repo/local/ip/ModeFilter/hdl/vhdl/ModeFilter_mux_5_3_3_1_1.vhd' to 'c:/Users/kenny/Desktop/hw/hw.gen/sources_1/bd/system/ipshared/7fb8/hdl/vhdl/ModeFilter_mux_5_3_3_1_1.vhd'.
CRITICAL WARNING: [IP_Flow 19-663] Failed to copy file 'c:/Users/kenny/Desktop/hw/hw.ipdefs/repo/local/ip/ModeFilter/hdl/vhdl/ModeFilter_mux_5_3_24_1_1.vhd', it does not exist.
CRITICAL WARNING: [IP_Flow 19-157] Failed to copy file from 'c:/Users/kenny/Desktop/hw/hw.ipdefs/repo/local/ip/ModeFilter/hdl/vhdl/ModeFilter_mux_5_3_24_1_1.vhd' to 'c:/Users/kenny/Desktop/hw/hw.gen/sources_1/bd/system/ipshared/7fb8/hdl/vhdl/ModeFilter_mux_5_3_24_1_1.vhd'.
CRITICAL WARNING: [IP_Flow 19-663] Failed to copy file 'c:/Users/kenny/Desktop/hw/hw.ipdefs/repo/local/ip/ModeFilter/hdl/vhdl/ModeFilter_mux_25_5_8_1_0.vhd', it does not exist.
CRITICAL WARNING: [IP_Flow 19-157] Failed to copy file from 'c:/Users/kenny/Desktop/hw/hw.ipdefs/repo/local/ip/ModeFilter/hdl/vhdl/ModeFilter_mux_25_5_8_1_0.vhd' to 'c:/Users/kenny/Desktop/hw/hw.gen/sources_1/bd/system/ipshared/7fb8/hdl/vhdl/ModeFilter_mux_25_5_8_1_0.vhd'.
CRITICAL WARNING: [IP_Flow 19-663] Failed to copy file 'c:/Users/kenny/Desktop/hw/hw.ipdefs/repo/local/ip/ModeFilter/hdl/vhdl/ModeFilter_start_for_modefilter_5_1_16_720_1280_1_2_2_U0.vhd', it does not exist.
CRITICAL WARNING: [IP_Flow 19-157] Failed to copy file from 'c:/Users/kenny/Desktop/hw/hw.ipdefs/repo/local/ip/ModeFilter/hdl/vhdl/ModeFilter_start_for_modefilter_5_1_16_720_1280_1_2_2_U0.vhd' to 'c:/Users/kenny/Desktop/hw/hw.gen/sources_1/bd/system/ipshared/7fb8/hdl/vhdl/ModeFilter_start_for_modefilter_5_1_16_720_1280_1_2_2_U0.vhd'.
CRITICAL WARNING: [IP_Flow 19-663] Failed to copy file 'c:/Users/kenny/Desktop/hw/hw.ipdefs/repo/local/ip/ModeFilter/hdl/vhdl/ModeFilter_xFModeNxN_720_1280_3_16_1_2_2_0_1282_5_25_Pipeline_Col_Loop.vhd', it does not exist.
CRITICAL WARNING: [IP_Flow 19-157] Failed to copy file from 'c:/Users/kenny/Desktop/hw/hw.ipdefs/repo/local/ip/ModeFilter/hdl/vhdl/ModeFilter_xFModeNxN_720_1280_3_16_1_2_2_0_1282_5_25_Pipeline_Col_Loop.vhd' to 'c:/Users/kenny/Desktop/hw/hw.gen/sources_1/bd/system/ipshared/7fb8/hdl/vhdl/ModeFilter_xFModeNxN_720_1280_3_16_1_2_2_0_1282_5_25_Pipeline_Col_Loop.vhd'.
CRITICAL WARNING: [IP_Flow 19-663] Failed to copy file 'c:/Users/kenny/Desktop/hw/hw.ipdefs/repo/local/ip/ModeFilter/hdl/vhdl/ModeFilter_xFModeNxN_720_1280_3_16_1_2_2_0_1282_5_25_Pipeline_VITIS_LOOP_406_1.vhd', it does not exist.
CRITICAL WARNING: [IP_Flow 19-157] Failed to copy file from 'c:/Users/kenny/Desktop/hw/hw.ipdefs/repo/local/ip/ModeFilter/hdl/vhdl/ModeFilter_xFModeNxN_720_1280_3_16_1_2_2_0_1282_5_25_Pipeline_VITIS_LOOP_406_1.vhd' to 'c:/Users/kenny/Desktop/hw/hw.gen/sources_1/bd/system/ipshared/7fb8/hdl/vhdl/ModeFilter_xFModeNxN_720_1280_3_16_1_2_2_0_1282_5_25_Pipeline_VITIS_LOOP_406_1.vhd'.
CRITICAL WARNING: [IP_Flow 19-663] Failed to copy file 'c:/Users/kenny/Desktop/hw/hw.ipdefs/repo/local/ip/ModeFilter/hdl/vhdl/ModeFilter_xFModeNxN_720_1280_3_16_1_2_2_0_1282_5_25_Pipeline_VITIS_LOOP_419_2.vhd', it does not exist.
CRITICAL WARNING: [IP_Flow 19-157] Failed to copy file from 'c:/Users/kenny/Desktop/hw/hw.ipdefs/repo/local/ip/ModeFilter/hdl/vhdl/ModeFilter_xFModeNxN_720_1280_3_16_1_2_2_0_1282_5_25_Pipeline_VITIS_LOOP_419_2.vhd' to 'c:/Users/kenny/Desktop/hw/hw.gen/sources_1/bd/system/ipshared/7fb8/hdl/vhdl/ModeFilter_xFModeNxN_720_1280_3_16_1_2_2_0_1282_5_25_Pipeline_VITIS_LOOP_419_2.vhd'.
CRITICAL WARNING: [IP_Flow 19-663] Failed to copy file 'c:/Users/kenny/Desktop/hw/hw.ipdefs/repo/local/ip/ModeFilter/hdl/vhdl/ModeFilter_xFModeNxN_720_1280_3_16_1_2_2_0_1282_5_25_Pipeline_VITIS_LOOP_431_3.vhd', it does not exist.
CRITICAL WARNING: [IP_Flow 19-157] Failed to copy file from 'c:/Users/kenny/Desktop/hw/hw.ipdefs/repo/local/ip/ModeFilter/hdl/vhdl/ModeFilter_xFModeNxN_720_1280_3_16_1_2_2_0_1282_5_25_Pipeline_VITIS_LOOP_431_3.vhd' to 'c:/Users/kenny/Desktop/hw/hw.gen/sources_1/bd/system/ipshared/7fb8/hdl/vhdl/ModeFilter_xFModeNxN_720_1280_3_16_1_2_2_0_1282_5_25_Pipeline_VITIS_LOOP_431_3.vhd'.
CRITICAL WARNING: [IP_Flow 19-663] Failed to copy file 'c:/Users/kenny/Desktop/hw/hw.ipdefs/repo/local/ip/ModeFilter/hdl/vhdl/ModeFilter_xFModeNxN_720_1280_3_16_1_2_2_0_1282_5_25_s.vhd', it does not exist.
CRITICAL WARNING: [IP_Flow 19-157] Failed to copy file from 'c:/Users/kenny/Desktop/hw/hw.ipdefs/repo/local/ip/ModeFilter/hdl/vhdl/ModeFilter_xFModeNxN_720_1280_3_16_1_2_2_0_1282_5_25_s.vhd' to 'c:/Users/kenny/Desktop/hw/hw.gen/sources_1/bd/system/ipshared/7fb8/hdl/vhdl/ModeFilter_xFModeNxN_720_1280_3_16_1_2_2_0_1282_5_25_s.vhd'.
CRITICAL WARNING: [IP_Flow 19-663] Failed to copy file 'c:/Users/kenny/Desktop/hw/hw.ipdefs/repo/local/ip/ModeFilter/hdl/vhdl/ModeFilter_xFModeNxN_720_1280_3_16_1_2_2_0_1282_5_25_s_buf_RAM_S2P_BRAM_1R1W.vhd', it does not exist.
CRITICAL WARNING: [IP_Flow 19-157] Failed to copy file from 'c:/Users/kenny/Desktop/hw/hw.ipdefs/repo/local/ip/ModeFilter/hdl/vhdl/ModeFilter_xFModeNxN_720_1280_3_16_1_2_2_0_1282_5_25_s_buf_RAM_S2P_BRAM_1R1W.vhd' to 'c:/Users/kenny/Desktop/hw/hw.gen/sources_1/bd/system/ipshared/7fb8/hdl/vhdl/ModeFilter_xFModeNxN_720_1280_3_16_1_2_2_0_1282_5_25_s_buf_RAM_S2P_BRAM_1R1W.vhd'.
CRITICAL WARNING: [IP_Flow 19-663] Failed to copy file 'c:/Users/kenny/Desktop/hw/hw.ipdefs/repo/local/ip/ModeFilter/hdl/vhdl/ModeFilter_xFModeProc_3_1_16_5_25_s.vhd', it does not exist.
CRITICAL WARNING: [IP_Flow 19-157] Failed to copy file from 'c:/Users/kenny/Desktop/hw/hw.ipdefs/repo/local/ip/ModeFilter/hdl/vhdl/ModeFilter_xFModeProc_3_1_16_5_25_s.vhd' to 'c:/Users/kenny/Desktop/hw/hw.gen/sources_1/bd/system/ipshared/7fb8/hdl/vhdl/ModeFilter_xFModeProc_3_1_16_5_25_s.vhd'.
ERROR: [IP_Flow 19-167] Failed to deliver one or more file(s).
ERROR: [IP_Flow 19-3505] IP Generation error: Failed to generate IP 'ModeFilter_0'. Failed to generate 'VHDL Synthesis' outputs: 
ERROR: [IP_Flow 19-98] Generation of the IP CORE failed.
Failed to generate IP 'ModeFilter_0'. Failed to generate 'VHDL Synthesis' outputs: 
ERROR: [BD 41-1030] Generation failed for the IP Integrator block ModeFilter_0 
WARNING: [IP_Flow 19-4994] Overwriting existing constraint file 'c:/Users/kenny/Desktop/hw/hw.gen/sources_1/bd/system/ip/system_auto_pc_0/system_auto_pc_0_ooc.xdc'
INFO: [BD 41-1029] Generation completed for the IP Integrator block axi_mem_intercon/s00_couplers/auto_pc .
WARNING: [IP_Flow 19-4994] Overwriting existing constraint file 'c:/Users/kenny/Desktop/hw/hw.gen/sources_1/bd/system/ip/system_auto_pc_1/system_auto_pc_1_ooc.xdc'
INFO: [BD 41-1029] Generation completed for the IP Integrator block axi_mem_intercon_1/s00_couplers/auto_pc .
WARNING: [IP_Flow 19-4994] Overwriting existing constraint file 'c:/Users/kenny/Desktop/hw/hw.gen/sources_1/bd/system/ip/system_auto_pc_2/system_auto_pc_2_ooc.xdc'
INFO: [BD 41-1029] Generation completed for the IP Integrator block ps7_0_axi_periph/s00_couplers/auto_pc .
Exporting to file c:/Users/kenny/Desktop/hw/hw.gen/sources_1/bd/system/hw_handoff/system.hwh
Generated Hardware Definition File c:/Users/kenny/Desktop/hw/hw.gen/sources_1/bd/system/synth/system.hwdef
INFO: [IP_Flow 19-6930] IPCACHE: runCacheChecks() number of threads = 8
INFO: [IP_Flow 19-6921] IPCACHE: Adding cache check func to thread queue for IP system_ModeFilter_0_0
INFO: [IP_Flow 19-6921] IPCACHE: Adding cache check func to thread queue for IP system_auto_pc_0
INFO: [IP_Flow 19-6921] IPCACHE: Adding cache check func to thread queue for IP system_auto_pc_1
INFO: [IP_Flow 19-6921] IPCACHE: Adding cache check func to thread queue for IP system_auto_pc_2
INFO: [IP_Flow 19-8020] IPCACHE: runCacheChecks() calling threadPool finishWork()
INFO: [IP_Flow 19-6924] IPCACHE: Running cache check for IP inst: system_ModeFilter_0_0
INFO: [IP_Flow 19-6924] IPCACHE: Running cache check for IP inst: system_auto_pc_0
INFO: [IP_Flow 19-6922] IPCACHE: Exporting cached entry 7d89537cc73021c7 to dir: c:/Users/kenny/Desktop/hw/hw.gen/sources_1/bd/system/ip/system_auto_pc_0
INFO: [IP_Flow 19-6928] IPCACHE: copied cached file c:/Users/kenny/Desktop/hw/hw.cache/ip/2023.1/7/d/7d89537cc73021c7/system_auto_pc_0.dcp to c:/Users/kenny/Desktop/hw/hw.gen/sources_1/bd/system/ip/system_auto_pc_0/system_auto_pc_0.dcp.
INFO: [IP_Flow 19-6926] IPCACHE: added file to list for BOM: c:/Users/kenny/Desktop/hw/hw.gen/sources_1/bd/system/ip/system_auto_pc_0/system_auto_pc_0.dcp
INFO: [IP_Flow 19-6928] IPCACHE: copied cached file c:/Users/kenny/Desktop/hw/hw.cache/ip/2023.1/7/d/7d89537cc73021c7/system_auto_pc_0_sim_netlist.v to c:/Users/kenny/Desktop/hw/hw.gen/sources_1/bd/system/ip/system_auto_pc_0/system_auto_pc_0_sim_netlist.v.
INFO: [IP_Flow 19-6926] IPCACHE: added file to list for BOM: c:/Users/kenny/Desktop/hw/hw.gen/sources_1/bd/system/ip/system_auto_pc_0/system_auto_pc_0_sim_netlist.v
INFO: [IP_Flow 19-6928] IPCACHE: copied cached file c:/Users/kenny/Desktop/hw/hw.cache/ip/2023.1/7/d/7d89537cc73021c7/system_auto_pc_0_sim_netlist.vhdl to c:/Users/kenny/Desktop/hw/hw.gen/sources_1/bd/system/ip/system_auto_pc_0/system_auto_pc_0_sim_netlist.vhdl.
INFO: [IP_Flow 19-6926] IPCACHE: added file to list for BOM: c:/Users/kenny/Desktop/hw/hw.gen/sources_1/bd/system/ip/system_auto_pc_0/system_auto_pc_0_sim_netlist.vhdl
INFO: [IP_Flow 19-6928] IPCACHE: copied cached file c:/Users/kenny/Desktop/hw/hw.cache/ip/2023.1/7/d/7d89537cc73021c7/system_auto_pc_0_stub.v to c:/Users/kenny/Desktop/hw/hw.gen/sources_1/bd/system/ip/system_auto_pc_0/system_auto_pc_0_stub.v.
INFO: [IP_Flow 19-6926] IPCACHE: added file to list for BOM: c:/Users/kenny/Desktop/hw/hw.gen/sources_1/bd/system/ip/system_auto_pc_0/system_auto_pc_0_stub.v
INFO: [IP_Flow 19-6928] IPCACHE: copied cached file c:/Users/kenny/Desktop/hw/hw.cache/ip/2023.1/7/d/7d89537cc73021c7/system_auto_pc_0_stub.vhdl to c:/Users/kenny/Desktop/hw/hw.gen/sources_1/bd/system/ip/system_auto_pc_0/system_auto_pc_0_stub.vhdl.
INFO: [IP_Flow 19-6926] IPCACHE: added file to list for BOM: c:/Users/kenny/Desktop/hw/hw.gen/sources_1/bd/system/ip/system_auto_pc_0/system_auto_pc_0_stub.vhdl
INFO: [IP_Flow 19-4993] Using cached IP synthesis design for IP system_auto_pc_0, cache-ID = 7d89537cc73021c7; cache size = 130.610 MB.
INFO: [IP_Flow 19-6924] IPCACHE: Running cache check for IP inst: system_auto_pc_1
INFO: [IP_Flow 19-6922] IPCACHE: Exporting cached entry b8d49818df338b0e to dir: c:/Users/kenny/Desktop/hw/hw.gen/sources_1/bd/system/ip/system_auto_pc_1
INFO: [IP_Flow 19-6928] IPCACHE: copied cached file c:/Users/kenny/Desktop/hw/hw.cache/ip/2023.1/b/8/b8d49818df338b0e/system_auto_pc_1.dcp to c:/Users/kenny/Desktop/hw/hw.gen/sources_1/bd/system/ip/system_auto_pc_1/system_auto_pc_1.dcp.
INFO: [IP_Flow 19-6926] IPCACHE: added file to list for BOM: c:/Users/kenny/Desktop/hw/hw.gen/sources_1/bd/system/ip/system_auto_pc_1/system_auto_pc_1.dcp
INFO: [IP_Flow 19-6928] IPCACHE: copied cached file c:/Users/kenny/Desktop/hw/hw.cache/ip/2023.1/b/8/b8d49818df338b0e/system_auto_pc_1_sim_netlist.v to c:/Users/kenny/Desktop/hw/hw.gen/sources_1/bd/system/ip/system_auto_pc_1/system_auto_pc_1_sim_netlist.v.
INFO: [IP_Flow 19-6926] IPCACHE: added file to list for BOM: c:/Users/kenny/Desktop/hw/hw.gen/sources_1/bd/system/ip/system_auto_pc_1/system_auto_pc_1_sim_netlist.v
INFO: [IP_Flow 19-6928] IPCACHE: copied cached file c:/Users/kenny/Desktop/hw/hw.cache/ip/2023.1/b/8/b8d49818df338b0e/system_auto_pc_1_sim_netlist.vhdl to c:/Users/kenny/Desktop/hw/hw.gen/sources_1/bd/system/ip/system_auto_pc_1/system_auto_pc_1_sim_netlist.vhdl.
INFO: [IP_Flow 19-6926] IPCACHE: added file to list for BOM: c:/Users/kenny/Desktop/hw/hw.gen/sources_1/bd/system/ip/system_auto_pc_1/system_auto_pc_1_sim_netlist.vhdl
INFO: [IP_Flow 19-6928] IPCACHE: copied cached file c:/Users/kenny/Desktop/hw/hw.cache/ip/2023.1/b/8/b8d49818df338b0e/system_auto_pc_1_stub.v to c:/Users/kenny/Desktop/hw/hw.gen/sources_1/bd/system/ip/system_auto_pc_1/system_auto_pc_1_stub.v.
INFO: [IP_Flow 19-6926] IPCACHE: added file to list for BOM: c:/Users/kenny/Desktop/hw/hw.gen/sources_1/bd/system/ip/system_auto_pc_1/system_auto_pc_1_stub.v
INFO: [IP_Flow 19-6928] IPCACHE: copied cached file c:/Users/kenny/Desktop/hw/hw.cache/ip/2023.1/b/8/b8d49818df338b0e/system_auto_pc_1_stub.vhdl to c:/Users/kenny/Desktop/hw/hw.gen/sources_1/bd/system/ip/system_auto_pc_1/system_auto_pc_1_stub.vhdl.
INFO: [IP_Flow 19-6926] IPCACHE: added file to list for BOM: c:/Users/kenny/Desktop/hw/hw.gen/sources_1/bd/system/ip/system_auto_pc_1/system_auto_pc_1_stub.vhdl
INFO: [IP_Flow 19-4993] Using cached IP synthesis design for IP system_auto_pc_1, cache-ID = b8d49818df338b0e; cache size = 130.610 MB.
INFO: [IP_Flow 19-6924] IPCACHE: Running cache check for IP inst: system_auto_pc_2
INFO: [IP_Flow 19-6922] IPCACHE: Exporting cached entry 687f8ec57b3f8df9 to dir: c:/Users/kenny/Desktop/hw/hw.gen/sources_1/bd/system/ip/system_auto_pc_2
INFO: [IP_Flow 19-6928] IPCACHE: copied cached file c:/Users/kenny/Desktop/hw/hw.cache/ip/2023.1/6/8/687f8ec57b3f8df9/system_auto_pc_2.dcp to c:/Users/kenny/Desktop/hw/hw.gen/sources_1/bd/system/ip/system_auto_pc_2/system_auto_pc_2.dcp.
INFO: [IP_Flow 19-6926] IPCACHE: added file to list for BOM: c:/Users/kenny/Desktop/hw/hw.gen/sources_1/bd/system/ip/system_auto_pc_2/system_auto_pc_2.dcp
INFO: [IP_Flow 19-6928] IPCACHE: copied cached file c:/Users/kenny/Desktop/hw/hw.cache/ip/2023.1/6/8/687f8ec57b3f8df9/system_auto_pc_2_sim_netlist.v to c:/Users/kenny/Desktop/hw/hw.gen/sources_1/bd/system/ip/system_auto_pc_2/system_auto_pc_2_sim_netlist.v.
INFO: [IP_Flow 19-6926] IPCACHE: added file to list for BOM: c:/Users/kenny/Desktop/hw/hw.gen/sources_1/bd/system/ip/system_auto_pc_2/system_auto_pc_2_sim_netlist.v
INFO: [IP_Flow 19-6928] IPCACHE: copied cached file c:/Users/kenny/Desktop/hw/hw.cache/ip/2023.1/6/8/687f8ec57b3f8df9/system_auto_pc_2_sim_netlist.vhdl to c:/Users/kenny/Desktop/hw/hw.gen/sources_1/bd/system/ip/system_auto_pc_2/system_auto_pc_2_sim_netlist.vhdl.
INFO: [IP_Flow 19-6926] IPCACHE: added file to list for BOM: c:/Users/kenny/Desktop/hw/hw.gen/sources_1/bd/system/ip/system_auto_pc_2/system_auto_pc_2_sim_netlist.vhdl
INFO: [IP_Flow 19-6928] IPCACHE: copied cached file c:/Users/kenny/Desktop/hw/hw.cache/ip/2023.1/6/8/687f8ec57b3f8df9/system_auto_pc_2_stub.v to c:/Users/kenny/Desktop/hw/hw.gen/sources_1/bd/system/ip/system_auto_pc_2/system_auto_pc_2_stub.v.
INFO: [IP_Flow 19-6926] IPCACHE: added file to list for BOM: c:/Users/kenny/Desktop/hw/hw.gen/sources_1/bd/system/ip/system_auto_pc_2/system_auto_pc_2_stub.v
INFO: [IP_Flow 19-6928] IPCACHE: copied cached file c:/Users/kenny/Desktop/hw/hw.cache/ip/2023.1/6/8/687f8ec57b3f8df9/system_auto_pc_2_stub.vhdl to c:/Users/kenny/Desktop/hw/hw.gen/sources_1/bd/system/ip/system_auto_pc_2/system_auto_pc_2_stub.vhdl.
INFO: [IP_Flow 19-6926] IPCACHE: added file to list for BOM: c:/Users/kenny/Desktop/hw/hw.gen/sources_1/bd/system/ip/system_auto_pc_2/system_auto_pc_2_stub.vhdl
INFO: [IP_Flow 19-4993] Using cached IP synthesis design for IP system_auto_pc_2, cache-ID = 687f8ec57b3f8df9; cache size = 130.610 MB.
ERROR: [Vivado 12-4756] Launch of runs aborted due to earlier errors while preparing sub-designs for run execution.
exit
INFO: [Common 17-206] Exiting Vivado at Mon Dec  4 01:44:25 2023...
