
*** Running vivado
    with args -log system_axis_switch_1_0.vds -m64 -product Vivado -mode batch -messageDb vivado.pb -notrace -source system_axis_switch_1_0.tcl



****** Vivado v2023.1 (64-bit)
  **** SW Build 3865809 on Sun May  7 15:05:29 MDT 2023
  **** IP Build 3864474 on Sun May  7 20:36:21 MDT 2023
  **** SharedData Build 3865790 on Sun May 07 13:33:03 MDT 2023
    ** Copyright 1986-2022 Xilinx, Inc. All Rights Reserved.
    ** Copyright 2022-2023 Advanced Micro Devices, Inc. All Rights Reserved.

source system_axis_switch_1_0.tcl -notrace
create_project: Time (s): cpu = 00:00:05 ; elapsed = 00:00:07 . Memory (MB): peak = 1462.547 ; gain = 160.969
INFO: [IP_Flow 19-234] Refreshing IP repositories
INFO: [IP_Flow 19-1700] Loaded user IP repository 'c:/Users/kenny/Desktop/hw/hw.ipdefs/repo'.
INFO: [IP_Flow 19-2313] Loaded Vivado IP repository 'E:/VitisXilinx/Vivado/2023.1/data/ip'.
INFO: [IP_Flow 19-6924] IPCACHE: Running cache check for IP inst: system_axis_switch_1_0
Command: synth_design -top system_axis_switch_1_0 -part xc7z010clg400-1 -incremental_mode off -mode out_of_context
Starting synth_design
Attempting to get a license for feature 'Synthesis' and/or device 'xc7z010'
INFO: [Common 17-349] Got license for feature 'Synthesis' and/or device 'xc7z010'
INFO: [Device 21-403] Loading part xc7z010clg400-1
INFO: [Synth 8-7079] Multithreading enabled for synth_design using a maximum of 2 processes.
INFO: [Synth 8-7078] Launching helper process for spawning children vivado processes
INFO: [Synth 8-7075] Helper process launched with PID 1824
---------------------------------------------------------------------------------
Starting RTL Elaboration : Time (s): cpu = 00:00:05 ; elapsed = 00:00:06 . Memory (MB): peak = 2292.699 ; gain = 410.742
---------------------------------------------------------------------------------
INFO: [Synth 8-6157] synthesizing module 'system_axis_switch_1_0' [c:/Users/kenny/Desktop/hw/hw.gen/sources_1/bd/system/ip/system_axis_switch_1_0/synth/system_axis_switch_1_0.v:53]
INFO: [Synth 8-6157] synthesizing module 'axis_switch_v1_1_28_axis_switch' [c:/Users/kenny/Desktop/hw/hw.gen/sources_1/bd/system/ipshared/2f0f/hdl/axis_switch_v1_1_vl_rfs.v:3089]
INFO: [Synth 8-6157] synthesizing module 'axis_infrastructure_v1_1_0_util_axis2vector' [c:/Users/kenny/Desktop/hw/hw.gen/sources_1/bd/system/ipshared/8713/hdl/axis_infrastructure_v1_1_vl_rfs.v:809]
INFO: [Synth 8-6155] done synthesizing module 'axis_infrastructure_v1_1_0_util_axis2vector' (0#1) [c:/Users/kenny/Desktop/hw/hw.gen/sources_1/bd/system/ipshared/8713/hdl/axis_infrastructure_v1_1_vl_rfs.v:809]
INFO: [Synth 8-6157] synthesizing module 'axis_switch_v1_1_28_axisc_decoder' [c:/Users/kenny/Desktop/hw/hw.gen/sources_1/bd/system/ipshared/2f0f/hdl/axis_switch_v1_1_vl_rfs.v:478]
INFO: [Synth 8-6157] synthesizing module 'axis_register_slice_v1_1_28_axisc_register_slice' [c:/Users/kenny/Desktop/hw/hw.gen/sources_1/bd/system/ipshared/eb9f/hdl/axis_register_slice_v1_1_vl_rfs.v:1935]
INFO: [Synth 8-6155] done synthesizing module 'axis_register_slice_v1_1_28_axisc_register_slice' (0#1) [c:/Users/kenny/Desktop/hw/hw.gen/sources_1/bd/system/ipshared/eb9f/hdl/axis_register_slice_v1_1_vl_rfs.v:1935]
WARNING: [Synth 8-7071] port 'ACLK2X' of module 'axis_register_slice_v1_1_28_axisc_register_slice' is unconnected for instance 'inst_decoder_pipeline' [c:/Users/kenny/Desktop/hw/hw.gen/sources_1/bd/system/ipshared/2f0f/hdl/axis_switch_v1_1_vl_rfs.v:727]
WARNING: [Synth 8-7023] instance 'inst_decoder_pipeline' of module 'axis_register_slice_v1_1_28_axisc_register_slice' has 10 connections declared, but only 9 given [c:/Users/kenny/Desktop/hw/hw.gen/sources_1/bd/system/ipshared/2f0f/hdl/axis_switch_v1_1_vl_rfs.v:727]
INFO: [Synth 8-6155] done synthesizing module 'axis_switch_v1_1_28_axisc_decoder' (0#1) [c:/Users/kenny/Desktop/hw/hw.gen/sources_1/bd/system/ipshared/2f0f/hdl/axis_switch_v1_1_vl_rfs.v:478]
INFO: [Synth 8-6157] synthesizing module 'axis_switch_v1_1_28_axisc_transfer_mux' [c:/Users/kenny/Desktop/hw/hw.gen/sources_1/bd/system/ipshared/2f0f/hdl/axis_switch_v1_1_vl_rfs.v:818]
INFO: [Synth 8-6157] synthesizing module 'axis_register_slice_v1_1_28_axisc_register_slice__parameterized0' [c:/Users/kenny/Desktop/hw/hw.gen/sources_1/bd/system/ipshared/eb9f/hdl/axis_register_slice_v1_1_vl_rfs.v:1935]
INFO: [Synth 8-6155] done synthesizing module 'axis_register_slice_v1_1_28_axisc_register_slice__parameterized0' (0#1) [c:/Users/kenny/Desktop/hw/hw.gen/sources_1/bd/system/ipshared/eb9f/hdl/axis_register_slice_v1_1_vl_rfs.v:1935]
INFO: [Synth 8-6155] done synthesizing module 'axis_switch_v1_1_28_axisc_transfer_mux' (0#1) [c:/Users/kenny/Desktop/hw/hw.gen/sources_1/bd/system/ipshared/2f0f/hdl/axis_switch_v1_1_vl_rfs.v:818]
INFO: [Synth 8-6157] synthesizing module 'axis_infrastructure_v1_1_0_util_vector2axis' [c:/Users/kenny/Desktop/hw/hw.gen/sources_1/bd/system/ipshared/8713/hdl/axis_infrastructure_v1_1_vl_rfs.v:991]
INFO: [Synth 8-6155] done synthesizing module 'axis_infrastructure_v1_1_0_util_vector2axis' (0#1) [c:/Users/kenny/Desktop/hw/hw.gen/sources_1/bd/system/ipshared/8713/hdl/axis_infrastructure_v1_1_vl_rfs.v:991]
INFO: [Synth 8-6157] synthesizing module 'axis_infrastructure_v1_1_0_clock_synchronizer' [c:/Users/kenny/Desktop/hw/hw.gen/sources_1/bd/system/ipshared/8713/hdl/axis_infrastructure_v1_1_vl_rfs.v:1172]
INFO: [Synth 8-6157] synthesizing module 'xpm_cdc_single' [E:/VitisXilinx/Vivado/2023.1/data/ip/xpm/xpm_cdc/hdl/xpm_cdc.sv:152]
INFO: [Synth 8-6155] done synthesizing module 'xpm_cdc_single' (0#1) [E:/VitisXilinx/Vivado/2023.1/data/ip/xpm/xpm_cdc/hdl/xpm_cdc.sv:152]
INFO: [Synth 8-6155] done synthesizing module 'axis_infrastructure_v1_1_0_clock_synchronizer' (0#1) [c:/Users/kenny/Desktop/hw/hw.gen/sources_1/bd/system/ipshared/8713/hdl/axis_infrastructure_v1_1_vl_rfs.v:1172]
INFO: [Synth 8-6157] synthesizing module 'axis_infrastructure_v1_1_0_cdc_handshake' [c:/Users/kenny/Desktop/hw/hw.gen/sources_1/bd/system/ipshared/8713/hdl/axis_infrastructure_v1_1_vl_rfs.v:1265]
INFO: [Synth 8-6157] synthesizing module 'xpm_cdc_handshake' [E:/VitisXilinx/Vivado/2023.1/data/ip/xpm/xpm_cdc/hdl/xpm_cdc.sv:468]
INFO: [Synth 8-6155] done synthesizing module 'xpm_cdc_handshake' (0#1) [E:/VitisXilinx/Vivado/2023.1/data/ip/xpm/xpm_cdc/hdl/xpm_cdc.sv:468]
INFO: [Synth 8-6155] done synthesizing module 'axis_infrastructure_v1_1_0_cdc_handshake' (0#1) [c:/Users/kenny/Desktop/hw/hw.gen/sources_1/bd/system/ipshared/8713/hdl/axis_infrastructure_v1_1_vl_rfs.v:1265]
INFO: [Synth 8-6157] synthesizing module 'axis_switch_v1_1_28_static_router' [c:/Users/kenny/Desktop/hw/hw.gen/sources_1/bd/system/ipshared/2f0f/hdl/axis_switch_v1_1_vl_rfs.v:2786]
INFO: [Synth 8-6157] synthesizing module 'axis_switch_v1_1_28_axi_ctrl_top' [c:/Users/kenny/Desktop/hw/hw.gen/sources_1/bd/system/ipshared/2f0f/hdl/axis_switch_v1_1_vl_rfs.v:2077]
INFO: [Synth 8-6157] synthesizing module 'axis_switch_v1_1_28_axi_ctrl_read' [c:/Users/kenny/Desktop/hw/hw.gen/sources_1/bd/system/ipshared/2f0f/hdl/axis_switch_v1_1_vl_rfs.v:1745]
INFO: [Synth 8-6155] done synthesizing module 'axis_switch_v1_1_28_axi_ctrl_read' (0#1) [c:/Users/kenny/Desktop/hw/hw.gen/sources_1/bd/system/ipshared/2f0f/hdl/axis_switch_v1_1_vl_rfs.v:1745]
INFO: [Synth 8-6157] synthesizing module 'axis_switch_v1_1_28_axi_ctrl_write' [c:/Users/kenny/Desktop/hw/hw.gen/sources_1/bd/system/ipshared/2f0f/hdl/axis_switch_v1_1_vl_rfs.v:1920]
INFO: [Synth 8-6155] done synthesizing module 'axis_switch_v1_1_28_axi_ctrl_write' (0#1) [c:/Users/kenny/Desktop/hw/hw.gen/sources_1/bd/system/ipshared/2f0f/hdl/axis_switch_v1_1_vl_rfs.v:1920]
INFO: [Synth 8-6157] synthesizing module 'axis_switch_v1_1_28_reg_bank_16x32' [c:/Users/kenny/Desktop/hw/hw.gen/sources_1/bd/system/ipshared/2f0f/hdl/axis_switch_v1_1_vl_rfs.v:2971]
INFO: [Synth 8-6155] done synthesizing module 'axis_switch_v1_1_28_reg_bank_16x32' (0#1) [c:/Users/kenny/Desktop/hw/hw.gen/sources_1/bd/system/ipshared/2f0f/hdl/axis_switch_v1_1_vl_rfs.v:2971]
INFO: [Synth 8-6157] synthesizing module 'axis_switch_v1_1_28_reg_bank_16x32__parameterized0' [c:/Users/kenny/Desktop/hw/hw.gen/sources_1/bd/system/ipshared/2f0f/hdl/axis_switch_v1_1_vl_rfs.v:2971]
INFO: [Synth 8-6155] done synthesizing module 'axis_switch_v1_1_28_reg_bank_16x32__parameterized0' (0#1) [c:/Users/kenny/Desktop/hw/hw.gen/sources_1/bd/system/ipshared/2f0f/hdl/axis_switch_v1_1_vl_rfs.v:2971]
INFO: [Synth 8-6155] done synthesizing module 'axis_switch_v1_1_28_axi_ctrl_top' (0#1) [c:/Users/kenny/Desktop/hw/hw.gen/sources_1/bd/system/ipshared/2f0f/hdl/axis_switch_v1_1_vl_rfs.v:2077]
INFO: [Synth 8-6157] synthesizing module 'axis_switch_v1_1_28_static_router_config' [c:/Users/kenny/Desktop/hw/hw.gen/sources_1/bd/system/ipshared/2f0f/hdl/axis_switch_v1_1_vl_rfs.v:2578]
INFO: [Synth 8-6157] synthesizing module 'axis_switch_v1_1_28_static_router_config_dp' [c:/Users/kenny/Desktop/hw/hw.gen/sources_1/bd/system/ipshared/2f0f/hdl/axis_switch_v1_1_vl_rfs.v:2346]
INFO: [Synth 8-6155] done synthesizing module 'axis_switch_v1_1_28_static_router_config_dp' (0#1) [c:/Users/kenny/Desktop/hw/hw.gen/sources_1/bd/system/ipshared/2f0f/hdl/axis_switch_v1_1_vl_rfs.v:2346]
INFO: [Synth 8-6155] done synthesizing module 'axis_switch_v1_1_28_static_router_config' (0#1) [c:/Users/kenny/Desktop/hw/hw.gen/sources_1/bd/system/ipshared/2f0f/hdl/axis_switch_v1_1_vl_rfs.v:2578]
INFO: [Synth 8-6155] done synthesizing module 'axis_switch_v1_1_28_static_router' (0#1) [c:/Users/kenny/Desktop/hw/hw.gen/sources_1/bd/system/ipshared/2f0f/hdl/axis_switch_v1_1_vl_rfs.v:2786]
INFO: [Synth 8-6155] done synthesizing module 'axis_switch_v1_1_28_axis_switch' (0#1) [c:/Users/kenny/Desktop/hw/hw.gen/sources_1/bd/system/ipshared/2f0f/hdl/axis_switch_v1_1_vl_rfs.v:3089]
INFO: [Synth 8-6155] done synthesizing module 'system_axis_switch_1_0' (0#1) [c:/Users/kenny/Desktop/hw/hw.gen/sources_1/bd/system/ip/system_axis_switch_1_0/synth/system_axis_switch_1_0.v:53]
WARNING: [Synth 8-7129] Port reg_mi_mux[511] in module axis_switch_v1_1_28_static_router_config_dp is either unconnected or has no load
WARNING: [Synth 8-7129] Port reg_mi_mux[510] in module axis_switch_v1_1_28_static_router_config_dp is either unconnected or has no load
WARNING: [Synth 8-7129] Port reg_mi_mux[509] in module axis_switch_v1_1_28_static_router_config_dp is either unconnected or has no load
WARNING: [Synth 8-7129] Port reg_mi_mux[508] in module axis_switch_v1_1_28_static_router_config_dp is either unconnected or has no load
WARNING: [Synth 8-7129] Port reg_mi_mux[507] in module axis_switch_v1_1_28_static_router_config_dp is either unconnected or has no load
WARNING: [Synth 8-7129] Port reg_mi_mux[506] in module axis_switch_v1_1_28_static_router_config_dp is either unconnected or has no load
WARNING: [Synth 8-7129] Port reg_mi_mux[505] in module axis_switch_v1_1_28_static_router_config_dp is either unconnected or has no load
WARNING: [Synth 8-7129] Port reg_mi_mux[504] in module axis_switch_v1_1_28_static_router_config_dp is either unconnected or has no load
WARNING: [Synth 8-7129] Port reg_mi_mux[503] in module axis_switch_v1_1_28_static_router_config_dp is either unconnected or has no load
WARNING: [Synth 8-7129] Port reg_mi_mux[502] in module axis_switch_v1_1_28_static_router_config_dp is either unconnected or has no load
WARNING: [Synth 8-7129] Port reg_mi_mux[501] in module axis_switch_v1_1_28_static_router_config_dp is either unconnected or has no load
WARNING: [Synth 8-7129] Port reg_mi_mux[500] in module axis_switch_v1_1_28_static_router_config_dp is either unconnected or has no load
WARNING: [Synth 8-7129] Port reg_mi_mux[499] in module axis_switch_v1_1_28_static_router_config_dp is either unconnected or has no load
WARNING: [Synth 8-7129] Port reg_mi_mux[498] in module axis_switch_v1_1_28_static_router_config_dp is either unconnected or has no load
WARNING: [Synth 8-7129] Port reg_mi_mux[497] in module axis_switch_v1_1_28_static_router_config_dp is either unconnected or has no load
WARNING: [Synth 8-7129] Port reg_mi_mux[496] in module axis_switch_v1_1_28_static_router_config_dp is either unconnected or has no load
WARNING: [Synth 8-7129] Port reg_mi_mux[495] in module axis_switch_v1_1_28_static_router_config_dp is either unconnected or has no load
WARNING: [Synth 8-7129] Port reg_mi_mux[494] in module axis_switch_v1_1_28_static_router_config_dp is either unconnected or has no load
WARNING: [Synth 8-7129] Port reg_mi_mux[493] in module axis_switch_v1_1_28_static_router_config_dp is either unconnected or has no load
WARNING: [Synth 8-7129] Port reg_mi_mux[492] in module axis_switch_v1_1_28_static_router_config_dp is either unconnected or has no load
WARNING: [Synth 8-7129] Port reg_mi_mux[491] in module axis_switch_v1_1_28_static_router_config_dp is either unconnected or has no load
WARNING: [Synth 8-7129] Port reg_mi_mux[490] in module axis_switch_v1_1_28_static_router_config_dp is either unconnected or has no load
WARNING: [Synth 8-7129] Port reg_mi_mux[489] in module axis_switch_v1_1_28_static_router_config_dp is either unconnected or has no load
WARNING: [Synth 8-7129] Port reg_mi_mux[488] in module axis_switch_v1_1_28_static_router_config_dp is either unconnected or has no load
WARNING: [Synth 8-7129] Port reg_mi_mux[487] in module axis_switch_v1_1_28_static_router_config_dp is either unconnected or has no load
WARNING: [Synth 8-7129] Port reg_mi_mux[486] in module axis_switch_v1_1_28_static_router_config_dp is either unconnected or has no load
WARNING: [Synth 8-7129] Port reg_mi_mux[485] in module axis_switch_v1_1_28_static_router_config_dp is either unconnected or has no load
WARNING: [Synth 8-7129] Port reg_mi_mux[484] in module axis_switch_v1_1_28_static_router_config_dp is either unconnected or has no load
WARNING: [Synth 8-7129] Port reg_mi_mux[483] in module axis_switch_v1_1_28_static_router_config_dp is either unconnected or has no load
WARNING: [Synth 8-7129] Port reg_mi_mux[482] in module axis_switch_v1_1_28_static_router_config_dp is either unconnected or has no load
WARNING: [Synth 8-7129] Port reg_mi_mux[481] in module axis_switch_v1_1_28_static_router_config_dp is either unconnected or has no load
WARNING: [Synth 8-7129] Port reg_mi_mux[480] in module axis_switch_v1_1_28_static_router_config_dp is either unconnected or has no load
WARNING: [Synth 8-7129] Port reg_mi_mux[479] in module axis_switch_v1_1_28_static_router_config_dp is either unconnected or has no load
WARNING: [Synth 8-7129] Port reg_mi_mux[478] in module axis_switch_v1_1_28_static_router_config_dp is either unconnected or has no load
WARNING: [Synth 8-7129] Port reg_mi_mux[477] in module axis_switch_v1_1_28_static_router_config_dp is either unconnected or has no load
WARNING: [Synth 8-7129] Port reg_mi_mux[476] in module axis_switch_v1_1_28_static_router_config_dp is either unconnected or has no load
WARNING: [Synth 8-7129] Port reg_mi_mux[475] in module axis_switch_v1_1_28_static_router_config_dp is either unconnected or has no load
WARNING: [Synth 8-7129] Port reg_mi_mux[474] in module axis_switch_v1_1_28_static_router_config_dp is either unconnected or has no load
WARNING: [Synth 8-7129] Port reg_mi_mux[473] in module axis_switch_v1_1_28_static_router_config_dp is either unconnected or has no load
WARNING: [Synth 8-7129] Port reg_mi_mux[472] in module axis_switch_v1_1_28_static_router_config_dp is either unconnected or has no load
WARNING: [Synth 8-7129] Port reg_mi_mux[471] in module axis_switch_v1_1_28_static_router_config_dp is either unconnected or has no load
WARNING: [Synth 8-7129] Port reg_mi_mux[470] in module axis_switch_v1_1_28_static_router_config_dp is either unconnected or has no load
WARNING: [Synth 8-7129] Port reg_mi_mux[469] in module axis_switch_v1_1_28_static_router_config_dp is either unconnected or has no load
WARNING: [Synth 8-7129] Port reg_mi_mux[468] in module axis_switch_v1_1_28_static_router_config_dp is either unconnected or has no load
WARNING: [Synth 8-7129] Port reg_mi_mux[467] in module axis_switch_v1_1_28_static_router_config_dp is either unconnected or has no load
WARNING: [Synth 8-7129] Port reg_mi_mux[466] in module axis_switch_v1_1_28_static_router_config_dp is either unconnected or has no load
WARNING: [Synth 8-7129] Port reg_mi_mux[465] in module axis_switch_v1_1_28_static_router_config_dp is either unconnected or has no load
WARNING: [Synth 8-7129] Port reg_mi_mux[464] in module axis_switch_v1_1_28_static_router_config_dp is either unconnected or has no load
WARNING: [Synth 8-7129] Port reg_mi_mux[463] in module axis_switch_v1_1_28_static_router_config_dp is either unconnected or has no load
WARNING: [Synth 8-7129] Port reg_mi_mux[462] in module axis_switch_v1_1_28_static_router_config_dp is either unconnected or has no load
WARNING: [Synth 8-7129] Port reg_mi_mux[461] in module axis_switch_v1_1_28_static_router_config_dp is either unconnected or has no load
WARNING: [Synth 8-7129] Port reg_mi_mux[460] in module axis_switch_v1_1_28_static_router_config_dp is either unconnected or has no load
WARNING: [Synth 8-7129] Port reg_mi_mux[459] in module axis_switch_v1_1_28_static_router_config_dp is either unconnected or has no load
WARNING: [Synth 8-7129] Port reg_mi_mux[458] in module axis_switch_v1_1_28_static_router_config_dp is either unconnected or has no load
WARNING: [Synth 8-7129] Port reg_mi_mux[457] in module axis_switch_v1_1_28_static_router_config_dp is either unconnected or has no load
WARNING: [Synth 8-7129] Port reg_mi_mux[456] in module axis_switch_v1_1_28_static_router_config_dp is either unconnected or has no load
WARNING: [Synth 8-7129] Port reg_mi_mux[455] in module axis_switch_v1_1_28_static_router_config_dp is either unconnected or has no load
WARNING: [Synth 8-7129] Port reg_mi_mux[454] in module axis_switch_v1_1_28_static_router_config_dp is either unconnected or has no load
WARNING: [Synth 8-7129] Port reg_mi_mux[453] in module axis_switch_v1_1_28_static_router_config_dp is either unconnected or has no load
WARNING: [Synth 8-7129] Port reg_mi_mux[452] in module axis_switch_v1_1_28_static_router_config_dp is either unconnected or has no load
WARNING: [Synth 8-7129] Port reg_mi_mux[451] in module axis_switch_v1_1_28_static_router_config_dp is either unconnected or has no load
WARNING: [Synth 8-7129] Port reg_mi_mux[450] in module axis_switch_v1_1_28_static_router_config_dp is either unconnected or has no load
WARNING: [Synth 8-7129] Port reg_mi_mux[449] in module axis_switch_v1_1_28_static_router_config_dp is either unconnected or has no load
WARNING: [Synth 8-7129] Port reg_mi_mux[448] in module axis_switch_v1_1_28_static_router_config_dp is either unconnected or has no load
WARNING: [Synth 8-7129] Port reg_mi_mux[447] in module axis_switch_v1_1_28_static_router_config_dp is either unconnected or has no load
WARNING: [Synth 8-7129] Port reg_mi_mux[446] in module axis_switch_v1_1_28_static_router_config_dp is either unconnected or has no load
WARNING: [Synth 8-7129] Port reg_mi_mux[445] in module axis_switch_v1_1_28_static_router_config_dp is either unconnected or has no load
WARNING: [Synth 8-7129] Port reg_mi_mux[444] in module axis_switch_v1_1_28_static_router_config_dp is either unconnected or has no load
WARNING: [Synth 8-7129] Port reg_mi_mux[443] in module axis_switch_v1_1_28_static_router_config_dp is either unconnected or has no load
WARNING: [Synth 8-7129] Port reg_mi_mux[442] in module axis_switch_v1_1_28_static_router_config_dp is either unconnected or has no load
WARNING: [Synth 8-7129] Port reg_mi_mux[441] in module axis_switch_v1_1_28_static_router_config_dp is either unconnected or has no load
WARNING: [Synth 8-7129] Port reg_mi_mux[440] in module axis_switch_v1_1_28_static_router_config_dp is either unconnected or has no load
WARNING: [Synth 8-7129] Port reg_mi_mux[439] in module axis_switch_v1_1_28_static_router_config_dp is either unconnected or has no load
WARNING: [Synth 8-7129] Port reg_mi_mux[438] in module axis_switch_v1_1_28_static_router_config_dp is either unconnected or has no load
WARNING: [Synth 8-7129] Port reg_mi_mux[437] in module axis_switch_v1_1_28_static_router_config_dp is either unconnected or has no load
WARNING: [Synth 8-7129] Port reg_mi_mux[436] in module axis_switch_v1_1_28_static_router_config_dp is either unconnected or has no load
WARNING: [Synth 8-7129] Port reg_mi_mux[435] in module axis_switch_v1_1_28_static_router_config_dp is either unconnected or has no load
WARNING: [Synth 8-7129] Port reg_mi_mux[434] in module axis_switch_v1_1_28_static_router_config_dp is either unconnected or has no load
WARNING: [Synth 8-7129] Port reg_mi_mux[433] in module axis_switch_v1_1_28_static_router_config_dp is either unconnected or has no load
WARNING: [Synth 8-7129] Port reg_mi_mux[432] in module axis_switch_v1_1_28_static_router_config_dp is either unconnected or has no load
WARNING: [Synth 8-7129] Port reg_mi_mux[431] in module axis_switch_v1_1_28_static_router_config_dp is either unconnected or has no load
WARNING: [Synth 8-7129] Port reg_mi_mux[430] in module axis_switch_v1_1_28_static_router_config_dp is either unconnected or has no load
WARNING: [Synth 8-7129] Port reg_mi_mux[429] in module axis_switch_v1_1_28_static_router_config_dp is either unconnected or has no load
WARNING: [Synth 8-7129] Port reg_mi_mux[428] in module axis_switch_v1_1_28_static_router_config_dp is either unconnected or has no load
WARNING: [Synth 8-7129] Port reg_mi_mux[427] in module axis_switch_v1_1_28_static_router_config_dp is either unconnected or has no load
WARNING: [Synth 8-7129] Port reg_mi_mux[426] in module axis_switch_v1_1_28_static_router_config_dp is either unconnected or has no load
WARNING: [Synth 8-7129] Port reg_mi_mux[425] in module axis_switch_v1_1_28_static_router_config_dp is either unconnected or has no load
WARNING: [Synth 8-7129] Port reg_mi_mux[424] in module axis_switch_v1_1_28_static_router_config_dp is either unconnected or has no load
WARNING: [Synth 8-7129] Port reg_mi_mux[423] in module axis_switch_v1_1_28_static_router_config_dp is either unconnected or has no load
WARNING: [Synth 8-7129] Port reg_mi_mux[422] in module axis_switch_v1_1_28_static_router_config_dp is either unconnected or has no load
WARNING: [Synth 8-7129] Port reg_mi_mux[421] in module axis_switch_v1_1_28_static_router_config_dp is either unconnected or has no load
WARNING: [Synth 8-7129] Port reg_mi_mux[420] in module axis_switch_v1_1_28_static_router_config_dp is either unconnected or has no load
WARNING: [Synth 8-7129] Port reg_mi_mux[419] in module axis_switch_v1_1_28_static_router_config_dp is either unconnected or has no load
WARNING: [Synth 8-7129] Port reg_mi_mux[418] in module axis_switch_v1_1_28_static_router_config_dp is either unconnected or has no load
WARNING: [Synth 8-7129] Port reg_mi_mux[417] in module axis_switch_v1_1_28_static_router_config_dp is either unconnected or has no load
WARNING: [Synth 8-7129] Port reg_mi_mux[416] in module axis_switch_v1_1_28_static_router_config_dp is either unconnected or has no load
WARNING: [Synth 8-7129] Port reg_mi_mux[415] in module axis_switch_v1_1_28_static_router_config_dp is either unconnected or has no load
WARNING: [Synth 8-7129] Port reg_mi_mux[414] in module axis_switch_v1_1_28_static_router_config_dp is either unconnected or has no load
WARNING: [Synth 8-7129] Port reg_mi_mux[413] in module axis_switch_v1_1_28_static_router_config_dp is either unconnected or has no load
WARNING: [Synth 8-7129] Port reg_mi_mux[412] in module axis_switch_v1_1_28_static_router_config_dp is either unconnected or has no load
INFO: [Common 17-14] Message 'Synth 8-7129' appears 100 times and further instances of the messages will be disabled. Use the Tcl command set_msg_config to change the current settings.
---------------------------------------------------------------------------------
Finished RTL Elaboration : Time (s): cpu = 00:00:07 ; elapsed = 00:00:08 . Memory (MB): peak = 2398.008 ; gain = 516.051
---------------------------------------------------------------------------------
---------------------------------------------------------------------------------
Start Handling Custom Attributes
---------------------------------------------------------------------------------
---------------------------------------------------------------------------------
Finished Handling Custom Attributes : Time (s): cpu = 00:00:07 ; elapsed = 00:00:08 . Memory (MB): peak = 2415.930 ; gain = 533.973
---------------------------------------------------------------------------------
---------------------------------------------------------------------------------
Finished RTL Optimization Phase 1 : Time (s): cpu = 00:00:07 ; elapsed = 00:00:08 . Memory (MB): peak = 2415.930 ; gain = 533.973
---------------------------------------------------------------------------------
Netlist sorting complete. Time (s): cpu = 00:00:00 ; elapsed = 00:00:00.064 . Memory (MB): peak = 2415.930 ; gain = 0.000
INFO: [Project 1-570] Preparing netlist for logic optimization

Processing XDC Constraints
Initializing timing engine
Parsing XDC File [c:/Users/kenny/Desktop/hw/hw.gen/sources_1/bd/system/ip/system_axis_switch_1_0/system_axis_switch_1_0_ooc.xdc] for cell 'inst'
Finished Parsing XDC File [c:/Users/kenny/Desktop/hw/hw.gen/sources_1/bd/system/ip/system_axis_switch_1_0/system_axis_switch_1_0_ooc.xdc] for cell 'inst'
Parsing XDC File [C:/Users/kenny/Desktop/hw/hw.runs/system_axis_switch_1_0_synth_1/dont_touch.xdc]
Finished Parsing XDC File [C:/Users/kenny/Desktop/hw/hw.runs/system_axis_switch_1_0_synth_1/dont_touch.xdc]
INFO: [Project 1-236] Implementation specific constraints were found while reading constraint file [E:/VitisXilinx/Vivado/2023.1/data/ip/xpm/xpm_cdc/tcl/xpm_cdc_handshake.tcl]. These constraints will be ignored for synthesis but will be used in implementation. Impacted constraints are listed in the file [.Xil/system_axis_switch_1_0_propImpl.xdc].
Resolution: To avoid this warning, move constraints listed in [.Xil/system_axis_switch_1_0_propImpl.xdc] to another XDC file and exclude this new file from synthesis with the used_in_synthesis property (File Properties dialog in GUI) and re-run elaboration/synthesis.
INFO: [Project 1-236] Implementation specific constraints were found while reading constraint file [E:/VitisXilinx/Vivado/2023.1/data/ip/xpm/xpm_cdc/tcl/xpm_cdc_single.tcl]. These constraints will be ignored for synthesis but will be used in implementation. Impacted constraints are listed in the file [.Xil/system_axis_switch_1_0_propImpl.xdc].
Resolution: To avoid this warning, move constraints listed in [.Xil/system_axis_switch_1_0_propImpl.xdc] to another XDC file and exclude this new file from synthesis with the used_in_synthesis property (File Properties dialog in GUI) and re-run elaboration/synthesis.
INFO: [Project 1-1714] 4 XPM XDC files have been applied to the design.
Completed Processing XDC Constraints

Netlist sorting complete. Time (s): cpu = 00:00:00 ; elapsed = 00:00:00.001 . Memory (MB): peak = 2528.645 ; gain = 0.000
INFO: [Project 1-111] Unisim Transformation Summary:
No Unisim elements were transformed.

Constraint Validation Runtime : Time (s): cpu = 00:00:00 ; elapsed = 00:00:00.042 . Memory (MB): peak = 2528.645 ; gain = 0.000
INFO: [Designutils 20-5008] Incremental synthesis strategy off
---------------------------------------------------------------------------------
Finished Constraint Validation : Time (s): cpu = 00:00:15 ; elapsed = 00:00:16 . Memory (MB): peak = 2528.645 ; gain = 646.688
---------------------------------------------------------------------------------
---------------------------------------------------------------------------------
Start Loading Part and Timing Information
---------------------------------------------------------------------------------
Loading part: xc7z010clg400-1
---------------------------------------------------------------------------------
Finished Loading Part and Timing Information : Time (s): cpu = 00:00:15 ; elapsed = 00:00:16 . Memory (MB): peak = 2528.645 ; gain = 646.688
---------------------------------------------------------------------------------
---------------------------------------------------------------------------------
Start Applying 'set_property' XDC Constraints
---------------------------------------------------------------------------------
Applied set_property KEEP_HIERARCHY = SOFT for inst. (constraint file  C:/Users/kenny/Desktop/hw/hw.runs/system_axis_switch_1_0_synth_1/dont_touch.xdc, line 9).
Applied set_property KEEP_HIERARCHY = SOFT for inst/\gen_static_router.gen_synch.inst_cdc_handshake /inst_xpm_cdc_handshake. (constraint file  auto generated constraint).
Applied set_property KEEP_HIERARCHY = SOFT for inst/\gen_static_router.gen_synch.inst_rst_synch /inst_xpm_cdc_single. (constraint file  auto generated constraint).
Applied set_property KEEP_HIERARCHY = SOFT for inst/\gen_static_router.gen_synch.inst_cdc_handshake /inst_xpm_cdc_handshake/xpm_cdc_single_dest2src_inst. (constraint file  auto generated constraint).
Applied set_property KEEP_HIERARCHY = SOFT for inst/\gen_static_router.gen_synch.inst_cdc_handshake /inst_xpm_cdc_handshake/xpm_cdc_single_src2dest_inst. (constraint file  auto generated constraint).
---------------------------------------------------------------------------------
Finished applying 'set_property' XDC Constraints : Time (s): cpu = 00:00:15 ; elapsed = 00:00:16 . Memory (MB): peak = 2528.645 ; gain = 646.688
---------------------------------------------------------------------------------
INFO: [Synth 8-4490] FSM extraction disabled for register 'gen_AB_reg_slice.state_reg' through user attribute
INFO: [Synth 8-802] inferred FSM for state register 'state_reg' in module 'axis_switch_v1_1_28_axi_ctrl_read'
INFO: [Synth 8-4490] FSM extraction disabled for register 'state_reg' through user attribute
INFO: [Synth 8-802] inferred FSM for state register 'state_reg' in module 'axis_switch_v1_1_28_static_router_config'
---------------------------------------------------------------------------------------------------
                   State |                     New Encoding |                Previous Encoding 
---------------------------------------------------------------------------------------------------
                 SM_IDLE |                              001 |                               00
                 SM_READ |                              010 |                               01
                 SM_RESP |                              100 |                               10
---------------------------------------------------------------------------------------------------
INFO: [Synth 8-3354] encoded FSM with state register 'state_reg' using encoding 'one-hot' in module 'axis_switch_v1_1_28_axi_ctrl_read'
---------------------------------------------------------------------------------------------------
                   State |                     New Encoding |                Previous Encoding 
---------------------------------------------------------------------------------------------------
                 SM_IDLE |                            00001 |                              000
                SM_START |                            00010 |                              001
                 SM_WAIT |                            00100 |                              010
               SM_COMMIT |                            01000 |                              011
             SM_COMPLETE |                            10000 |                              100
---------------------------------------------------------------------------------------------------
INFO: [Synth 8-3354] encoded FSM with state register 'state_reg' using encoding 'one-hot' in module 'axis_switch_v1_1_28_static_router_config'
---------------------------------------------------------------------------------
Finished RTL Optimization Phase 2 : Time (s): cpu = 00:00:15 ; elapsed = 00:00:16 . Memory (MB): peak = 2528.645 ; gain = 646.688
---------------------------------------------------------------------------------
---------------------------------------------------------------------------------
Start RTL Component Statistics 
---------------------------------------------------------------------------------
Detailed RTL Component Info : 
+---Adders : 
	   2 Input    4 Bit       Adders := 2     
+---Registers : 
	               34 Bit    Registers := 2     
	               32 Bit    Registers := 6     
	               30 Bit    Registers := 4     
	               16 Bit    Registers := 1     
	                7 Bit    Registers := 2     
	                4 Bit    Registers := 14    
	                3 Bit    Registers := 1     
	                2 Bit    Registers := 1     
	                1 Bit    Registers := 33    
+---Muxes : 
	   2 Input   34 Bit        Muxes := 1     
	   2 Input   32 Bit        Muxes := 2     
	   5 Input    5 Bit        Muxes := 1     
	   2 Input    5 Bit        Muxes := 4     
	   2 Input    4 Bit        Muxes := 1     
	   3 Input    3 Bit        Muxes := 1     
	   2 Input    3 Bit        Muxes := 2     
	   6 Input    3 Bit        Muxes := 1     
	   5 Input    2 Bit        Muxes := 1     
	   2 Input    2 Bit        Muxes := 1     
	   2 Input    1 Bit        Muxes := 8     
	   4 Input    1 Bit        Muxes := 1     
	   5 Input    1 Bit        Muxes := 2     
---------------------------------------------------------------------------------
Finished RTL Component Statistics 
---------------------------------------------------------------------------------
---------------------------------------------------------------------------------
Start Part Resource Summary
---------------------------------------------------------------------------------
Part Resources:
DSPs: 80 (col length:40)
BRAMs: 120 (col length: RAMB18 40 RAMB36 20)
---------------------------------------------------------------------------------
Finished Part Resource Summary
---------------------------------------------------------------------------------
---------------------------------------------------------------------------------
Start Cross Boundary and Area Optimization
---------------------------------------------------------------------------------
WARNING: [Synth 8-7080] Parallel synthesis criteria is not met
---------------------------------------------------------------------------------
Finished Cross Boundary and Area Optimization : Time (s): cpu = 00:00:18 ; elapsed = 00:00:19 . Memory (MB): peak = 2528.645 ; gain = 646.688
---------------------------------------------------------------------------------
---------------------------------------------------------------------------------
Start Applying XDC Timing Constraints
---------------------------------------------------------------------------------
---------------------------------------------------------------------------------
Finished Applying XDC Timing Constraints : Time (s): cpu = 00:00:23 ; elapsed = 00:00:24 . Memory (MB): peak = 2528.645 ; gain = 646.688
---------------------------------------------------------------------------------
---------------------------------------------------------------------------------
Start Timing Optimization
---------------------------------------------------------------------------------
---------------------------------------------------------------------------------
Finished Timing Optimization : Time (s): cpu = 00:00:23 ; elapsed = 00:00:25 . Memory (MB): peak = 2528.645 ; gain = 646.688
---------------------------------------------------------------------------------
---------------------------------------------------------------------------------
Start Technology Mapping
---------------------------------------------------------------------------------
---------------------------------------------------------------------------------
Finished Technology Mapping : Time (s): cpu = 00:00:24 ; elapsed = 00:00:25 . Memory (MB): peak = 2528.645 ; gain = 646.688
---------------------------------------------------------------------------------
---------------------------------------------------------------------------------
Start IO Insertion
---------------------------------------------------------------------------------
---------------------------------------------------------------------------------
Start Flattening Before IO Insertion
---------------------------------------------------------------------------------
---------------------------------------------------------------------------------
Finished Flattening Before IO Insertion
---------------------------------------------------------------------------------
---------------------------------------------------------------------------------
Start Final Netlist Cleanup
---------------------------------------------------------------------------------
---------------------------------------------------------------------------------
Finished Final Netlist Cleanup
---------------------------------------------------------------------------------
---------------------------------------------------------------------------------
Finished IO Insertion : Time (s): cpu = 00:00:28 ; elapsed = 00:00:29 . Memory (MB): peak = 2528.645 ; gain = 646.688
---------------------------------------------------------------------------------
---------------------------------------------------------------------------------
Start Renaming Generated Instances
---------------------------------------------------------------------------------
---------------------------------------------------------------------------------
Finished Renaming Generated Instances : Time (s): cpu = 00:00:28 ; elapsed = 00:00:29 . Memory (MB): peak = 2528.645 ; gain = 646.688
---------------------------------------------------------------------------------
---------------------------------------------------------------------------------
Start Rebuilding User Hierarchy
---------------------------------------------------------------------------------
---------------------------------------------------------------------------------
Finished Rebuilding User Hierarchy : Time (s): cpu = 00:00:28 ; elapsed = 00:00:29 . Memory (MB): peak = 2528.645 ; gain = 646.688
---------------------------------------------------------------------------------
---------------------------------------------------------------------------------
Start Renaming Generated Ports
---------------------------------------------------------------------------------
---------------------------------------------------------------------------------
Finished Renaming Generated Ports : Time (s): cpu = 00:00:28 ; elapsed = 00:00:29 . Memory (MB): peak = 2528.645 ; gain = 646.688
---------------------------------------------------------------------------------
---------------------------------------------------------------------------------
Start Handling Custom Attributes
---------------------------------------------------------------------------------
---------------------------------------------------------------------------------
Finished Handling Custom Attributes : Time (s): cpu = 00:00:28 ; elapsed = 00:00:29 . Memory (MB): peak = 2528.645 ; gain = 646.688
---------------------------------------------------------------------------------
---------------------------------------------------------------------------------
Start Renaming Generated Nets
---------------------------------------------------------------------------------
---------------------------------------------------------------------------------
Finished Renaming Generated Nets : Time (s): cpu = 00:00:28 ; elapsed = 00:00:29 . Memory (MB): peak = 2528.645 ; gain = 646.688
---------------------------------------------------------------------------------
---------------------------------------------------------------------------------
Start Writing Synthesis Report
---------------------------------------------------------------------------------

Report BlackBoxes: 
+-+--------------+----------+
| |BlackBox name |Instances |
+-+--------------+----------+
+-+--------------+----------+

Report Cell Usage: 
+------+-----+------+
|      |Cell |Count |
+------+-----+------+
|1     |LUT1 |    10|
|2     |LUT2 |    46|
|3     |LUT3 |   110|
|4     |LUT4 |    16|
|5     |LUT5 |    41|
|6     |LUT6 |    82|
|7     |FDRE |   390|
|8     |FDSE |     4|
+------+-----+------+
---------------------------------------------------------------------------------
Finished Writing Synthesis Report : Time (s): cpu = 00:00:28 ; elapsed = 00:00:29 . Memory (MB): peak = 2528.645 ; gain = 646.688
---------------------------------------------------------------------------------
Synthesis finished with 0 errors, 0 critical warnings and 11 warnings.
Synthesis Optimization Runtime : Time (s): cpu = 00:00:18 ; elapsed = 00:00:27 . Memory (MB): peak = 2528.645 ; gain = 533.973
Synthesis Optimization Complete : Time (s): cpu = 00:00:28 ; elapsed = 00:00:29 . Memory (MB): peak = 2528.645 ; gain = 646.688
INFO: [Project 1-571] Translating synthesized netlist
Netlist sorting complete. Time (s): cpu = 00:00:00 ; elapsed = 00:00:00.031 . Memory (MB): peak = 2528.645 ; gain = 0.000
INFO: [Project 1-570] Preparing netlist for logic optimization
INFO: [Opt 31-138] Pushed 0 inverter(s) to 0 load pin(s).
Netlist sorting complete. Time (s): cpu = 00:00:00 ; elapsed = 00:00:00 . Memory (MB): peak = 2528.645 ; gain = 0.000
INFO: [Project 1-111] Unisim Transformation Summary:
No Unisim elements were transformed.

Synth Design complete | Checksum: cc96a1fd
INFO: [Common 17-83] Releasing license: Synthesis
67 Infos, 103 Warnings, 0 Critical Warnings and 0 Errors encountered.
synth_design completed successfully
synth_design: Time (s): cpu = 00:00:32 ; elapsed = 00:00:35 . Memory (MB): peak = 2528.645 ; gain = 1022.785
INFO: [Common 17-1381] The checkpoint 'C:/Users/kenny/Desktop/hw/hw.runs/system_axis_switch_1_0_synth_1/system_axis_switch_1_0.dcp' has been generated.
INFO: [Coretcl 2-1648] Added synthesis output to IP cache for IP system_axis_switch_1_0, cache-ID = a48f266ff5772750
INFO: [Coretcl 2-1174] Renamed 17 cell refs.
INFO: [Common 17-1381] The checkpoint 'C:/Users/kenny/Desktop/hw/hw.runs/system_axis_switch_1_0_synth_1/system_axis_switch_1_0.dcp' has been generated.
INFO: [runtcl-4] Executing : report_utilization -file system_axis_switch_1_0_utilization_synth.rpt -pb system_axis_switch_1_0_utilization_synth.pb
INFO: [Common 17-206] Exiting Vivado at Mon Dec  4 19:58:19 2023...
